
*** Running vivado
    with args -log Master_shift_register_gener_0_0.vds -m64 -product Vivado -mode batch -messageDb vivado.pb -notrace -source Master_shift_register_gener_0_0.tcl


ECHO is off.
ECHO is off.

****** Vivado v2023.2 (64-bit)
  **** SW Build 4029153 on Fri Oct 13 20:14:34 MDT 2023
  **** IP Build 4028589 on Sat Oct 14 00:45:43 MDT 2023
  **** SharedData Build 4025554 on Tue Oct 10 17:18:54 MDT 2023
    ** Copyright 1986-2022 Xilinx, Inc. All Rights Reserved.
    ** Copyright 2022-2023 Advanced Micro Devices, Inc. All Rights Reserved.

source Master_shift_register_gener_0_0.tcl -notrace
create_project: Time (s): cpu = 00:00:04 ; elapsed = 00:00:09 . Memory (MB): peak = 475.742 ; gain = 182.508
INFO: [IP_Flow 19-234] Refreshing IP repositories
INFO: [IP_Flow 19-1704] No user IP repositories specified
INFO: [IP_Flow 19-2313] Loaded Vivado IP repository 'C:/Xilinx/Vivado/2023.2/data/ip'.
WARNING: [IP_Flow 19-4995] The host OS only allows 260 characters in a normal path. The IP cache path is more than 80 characters. If you experience issues with IP caching, please consider changing the IP cache to a location with a shorter path. Alternately consider using the OS subst command to map part of the path to a drive letter. 
Current IP cache path is c:/Users/Corne/Documents/MEGA/4. Semester/Digital/FPGA_1_MASTER/FPGA_1_MASTER.cache/ip 
INFO: [IP_Flow 19-6924] IPCACHE: Running cache check for IP inst: Master_shift_register_gener_0_0
Command: synth_design -top Master_shift_register_gener_0_0 -part xc7z020clg400-1 -incremental_mode off -mode out_of_context
Starting synth_design
Attempting to get a license for feature 'Synthesis' and/or device 'xc7z020'
INFO: [Common 17-349] Got license for feature 'Synthesis' and/or device 'xc7z020'
INFO: [Designutils 20-5008] Incremental synthesis strategy off
INFO: [Synth 8-7079] Multithreading enabled for synth_design using a maximum of 2 processes.
INFO: [Synth 8-7078] Launching helper process for spawning children vivado processes
INFO: [Synth 8-7075] Helper process launched with PID 23736
---------------------------------------------------------------------------------
Starting Synthesize : Time (s): cpu = 00:00:05 ; elapsed = 00:00:09 . Memory (MB): peak = 932.988 ; gain = 438.957
---------------------------------------------------------------------------------
INFO: [Synth 8-638] synthesizing module 'Master_shift_register_gener_0_0' [c:/Users/Corne/Documents/MEGA/4. Semester/Digital/FPGA_1_MASTER/FPGA_1_MASTER.gen/sources_1/bd/Master/ip/Master_shift_register_gener_0_0/synth/Master_shift_register_gener_0_0.vhd:68]
	Parameter register_length bound to: 8 - type: integer 
INFO: [Synth 8-3491] module 'shift_register_generic' declared at 'C:/Users/Corne/Documents/MEGA/4. Semester/Semesterprojekt/Semesterprojekt_4/FPGA_projekt/FPGA_projekt.srcs/sources_1/new/shift_register_generic.vhd:34' bound to instance 'U0' of component 'shift_register_generic' [c:/Users/Corne/Documents/MEGA/4. Semester/Digital/FPGA_1_MASTER/FPGA_1_MASTER.gen/sources_1/bd/Master/ip/Master_shift_register_gener_0_0/synth/Master_shift_register_gener_0_0.vhd:98]
INFO: [Synth 8-638] synthesizing module 'shift_register_generic' [C:/Users/Corne/Documents/MEGA/4. Semester/Semesterprojekt/Semesterprojekt_4/FPGA_projekt/FPGA_projekt.srcs/sources_1/new/shift_register_generic.vhd:45]
INFO: [Synth 8-256] done synthesizing module 'shift_register_generic' (0#1) [C:/Users/Corne/Documents/MEGA/4. Semester/Semesterprojekt/Semesterprojekt_4/FPGA_projekt/FPGA_projekt.srcs/sources_1/new/shift_register_generic.vhd:45]
INFO: [Synth 8-256] done synthesizing module 'Master_shift_register_gener_0_0' (0#1) [c:/Users/Corne/Documents/MEGA/4. Semester/Digital/FPGA_1_MASTER/FPGA_1_MASTER.gen/sources_1/bd/Master/ip/Master_shift_register_gener_0_0/synth/Master_shift_register_gener_0_0.vhd:68]
WARNING: [Synth 8-7129] Port rst in module shift_register_generic is either unconnected or has no load
---------------------------------------------------------------------------------
Finished Synthesize : Time (s): cpu = 00:00:06 ; elapsed = 00:00:12 . Memory (MB): peak = 1040.191 ; gain = 546.160
---------------------------------------------------------------------------------
---------------------------------------------------------------------------------
Finished Constraint Validation : Time (s): cpu = 00:00:07 ; elapsed = 00:00:13 . Memory (MB): peak = 1040.191 ; gain = 546.160
---------------------------------------------------------------------------------
---------------------------------------------------------------------------------
Start Loading Part and Timing Information
---------------------------------------------------------------------------------
Loading part: xc7z020clg400-1
---------------------------------------------------------------------------------
Finished Loading Part and Timing Information : Time (s): cpu = 00:00:07 ; elapsed = 00:00:13 . Memory (MB): peak = 1040.191 ; gain = 546.160
---------------------------------------------------------------------------------
INFO: [Device 21-403] Loading part xc7z020clg400-1
---------------------------------------------------------------------------------
Finished RTL Optimization Phase 2 : Time (s): cpu = 00:00:07 ; elapsed = 00:00:13 . Memory (MB): peak = 1040.191 ; gain = 546.160
---------------------------------------------------------------------------------
No constraint files found.
---------------------------------------------------------------------------------
Start RTL Component Statistics 
---------------------------------------------------------------------------------
Detailed RTL Component Info : 
+---Registers : 
	                8 Bit    Registers := 1     
	                1 Bit    Registers := 1     
+---Muxes : 
	   2 Input    8 Bit        Muxes := 2     
---------------------------------------------------------------------------------
Finished RTL Component Statistics 
---------------------------------------------------------------------------------
---------------------------------------------------------------------------------
Start Part Resource Summary
---------------------------------------------------------------------------------
Part Resources:
DSPs: 220 (col length:60)
BRAMs: 280 (col length: RAMB18 60 RAMB36 30)
---------------------------------------------------------------------------------
Finished Part Resource Summary
---------------------------------------------------------------------------------

*** Running vivado
    with args -log Master_shift_register_gener_0_0.vds -m64 -product Vivado -mode batch -messageDb vivado.pb -notrace -source Master_shift_register_gener_0_0.tcl


ECHO is off.
ECHO is off.

****** Vivado v2023.2 (64-bit)
  **** SW Build 4029153 on Fri Oct 13 20:14:34 MDT 2023
  **** IP Build 4028589 on Sat Oct 14 00:45:43 MDT 2023
  **** SharedData Build 4025554 on Tue Oct 10 17:18:54 MDT 2023
    ** Copyright 1986-2022 Xilinx, Inc. All Rights Reserved.
    ** Copyright 2022-2023 Advanced Micro Devices, Inc. All Rights Reserved.

source Master_shift_register_gener_0_0.tcl -notrace
create_project: Time (s): cpu = 00:00:05 ; elapsed = 00:00:09 . Memory (MB): peak = 473.492 ; gain = 178.660
INFO: [IP_Flow 19-234] Refreshing IP repositories
INFO: [IP_Flow 19-1704] No user IP repositories specified
INFO: [IP_Flow 19-2313] Loaded Vivado IP repository 'C:/Xilinx/Vivado/2023.2/data/ip'.
WARNING: [IP_Flow 19-4995] The host OS only allows 260 characters in a normal path. The IP cache path is more than 80 characters. If you experience issues with IP caching, please consider changing the IP cache to a location with a shorter path. Alternately consider using the OS subst command to map part of the path to a drive letter. 
Current IP cache path is c:/Users/Corne/Documents/MEGA/4. Semester/Digital/FPGA_1_MASTER/FPGA_1_MASTER.cache/ip 
INFO: [IP_Flow 19-6924] IPCACHE: Running cache check for IP inst: Master_shift_register_gener_0_0
Command: synth_design -top Master_shift_register_gener_0_0 -part xc7z020clg400-1 -incremental_mode off -mode out_of_context
Starting synth_design
Attempting to get a license for feature 'Synthesis' and/or device 'xc7z020'
INFO: [Common 17-349] Got license for feature 'Synthesis' and/or device 'xc7z020'
INFO: [Designutils 20-5008] Incremental synthesis strategy off
INFO: [Synth 8-7079] Multithreading enabled for synth_design using a maximum of 2 processes.
INFO: [Synth 8-7078] Launching helper process for spawning children vivado processes
INFO: [Synth 8-7075] Helper process launched with PID 1668
---------------------------------------------------------------------------------
Starting Synthesize : Time (s): cpu = 00:00:06 ; elapsed = 00:00:09 . Memory (MB): peak = 934.234 ; gain = 440.648
---------------------------------------------------------------------------------
INFO: [Synth 8-638] synthesizing module 'Master_shift_register_gener_0_0' [c:/Users/Corne/Documents/MEGA/4. Semester/Digital/FPGA_1_MASTER/FPGA_1_MASTER.gen/sources_1/bd/Master/ip/Master_shift_register_gener_0_0/synth/Master_shift_register_gener_0_0.vhd:68]
	Parameter register_length bound to: 8 - type: integer 
INFO: [Synth 8-3491] module 'shift_register_generic' declared at 'C:/Users/Corne/Documents/MEGA/4. Semester/Semesterprojekt/Semesterprojekt_4/FPGA_projekt/FPGA_projekt.srcs/sources_1/new/shift_register_generic.vhd:34' bound to instance 'U0' of component 'shift_register_generic' [c:/Users/Corne/Documents/MEGA/4. Semester/Digital/FPGA_1_MASTER/FPGA_1_MASTER.gen/sources_1/bd/Master/ip/Master_shift_register_gener_0_0/synth/Master_shift_register_gener_0_0.vhd:98]
INFO: [Synth 8-638] synthesizing module 'shift_register_generic' [C:/Users/Corne/Documents/MEGA/4. Semester/Semesterprojekt/Semesterprojekt_4/FPGA_projekt/FPGA_projekt.srcs/sources_1/new/shift_register_generic.vhd:45]
INFO: [Synth 8-256] done synthesizing module 'shift_register_generic' (0#1) [C:/Users/Corne/Documents/MEGA/4. Semester/Semesterprojekt/Semesterprojekt_4/FPGA_projekt/FPGA_projekt.srcs/sources_1/new/shift_register_generic.vhd:45]
INFO: [Synth 8-256] done synthesizing module 'Master_shift_register_gener_0_0' (0#1) [c:/Users/Corne/Documents/MEGA/4. Semester/Digital/FPGA_1_MASTER/FPGA_1_MASTER.gen/sources_1/bd/Master/ip/Master_shift_register_gener_0_0/synth/Master_shift_register_gener_0_0.vhd:68]
WARNING: [Synth 8-7129] Port rst in module shift_register_generic is either unconnected or has no load
---------------------------------------------------------------------------------
Finished Synthesize : Time (s): cpu = 00:00:07 ; elapsed = 00:00:11 . Memory (MB): peak = 1040.039 ; gain = 546.453
---------------------------------------------------------------------------------
---------------------------------------------------------------------------------
Finished Constraint Validation : Time (s): cpu = 00:00:08 ; elapsed = 00:00:12 . Memory (MB): peak = 1040.039 ; gain = 546.453
---------------------------------------------------------------------------------
---------------------------------------------------------------------------------
Start Loading Part and Timing Information
---------------------------------------------------------------------------------
Loading part: xc7z020clg400-1
---------------------------------------------------------------------------------
Finished Loading Part and Timing Information : Time (s): cpu = 00:00:08 ; elapsed = 00:00:12 . Memory (MB): peak = 1040.039 ; gain = 546.453
---------------------------------------------------------------------------------
INFO: [Device 21-403] Loading part xc7z020clg400-1
---------------------------------------------------------------------------------
Finished RTL Optimization Phase 2 : Time (s): cpu = 00:00:08 ; elapsed = 00:00:12 . Memory (MB): peak = 1040.039 ; gain = 546.453
---------------------------------------------------------------------------------
No constraint files found.
---------------------------------------------------------------------------------
Start RTL Component Statistics 
---------------------------------------------------------------------------------
Detailed RTL Component Info : 
+---Registers : 
	                8 Bit    Registers := 1     
	                1 Bit    Registers := 1     
+---Muxes : 
	   2 Input    8 Bit        Muxes := 2     
---------------------------------------------------------------------------------
Finished RTL Component Statistics 
---------------------------------------------------------------------------------
---------------------------------------------------------------------------------
Start Part Resource Summary
---------------------------------------------------------------------------------
Part Resources:
DSPs: 220 (col length:60)
BRAMs: 280 (col length: RAMB18 60 RAMB36 30)
---------------------------------------------------------------------------------
Finished Part Resource Summary
---------------------------------------------------------------------------------
No constraint files found.
---------------------------------------------------------------------------------
Start Cross Boundary and Area Optimization
---------------------------------------------------------------------------------
WARNING: [Synth 8-7080] Parallel synthesis criteria is not met
WARNING: [Synth 8-7129] Port rst in module Master_shift_register_gener_0_0 is either unconnected or has no load
---------------------------------------------------------------------------------
Finished Cross Boundary and Area Optimization : Time (s): cpu = 00:00:12 ; elapsed = 00:00:22 . Memory (MB): peak = 1250.172 ; gain = 756.586
---------------------------------------------------------------------------------
No constraint files found.
---------------------------------------------------------------------------------
Start Timing Optimization
---------------------------------------------------------------------------------
---------------------------------------------------------------------------------
Finished Timing Optimization : Time (s): cpu = 00:00:12 ; elapsed = 00:00:22 . Memory (MB): peak = 1250.172 ; gain = 756.586
---------------------------------------------------------------------------------
---------------------------------------------------------------------------------
Start Technology Mapping
---------------------------------------------------------------------------------
---------------------------------------------------------------------------------
Finished Technology Mapping : Time (s): cpu = 00:00:12 ; elapsed = 00:00:22 . Memory (MB): peak = 1250.172 ; gain = 756.586
---------------------------------------------------------------------------------
---------------------------------------------------------------------------------
Start IO Insertion
---------------------------------------------------------------------------------
---------------------------------------------------------------------------------
Start Flattening Before IO Insertion
---------------------------------------------------------------------------------
---------------------------------------------------------------------------------
Finished Flattening Before IO Insertion
---------------------------------------------------------------------------------
---------------------------------------------------------------------------------
Start Final Netlist Cleanup
---------------------------------------------------------------------------------
---------------------------------------------------------------------------------
Finished Final Netlist Cleanup
---------------------------------------------------------------------------------
---------------------------------------------------------------------------------
Finished IO Insertion : Time (s): cpu = 00:00:17 ; elapsed = 00:00:29 . Memory (MB): peak = 1250.172 ; gain = 756.586
---------------------------------------------------------------------------------
---------------------------------------------------------------------------------
Start Renaming Generated Instances
---------------------------------------------------------------------------------
---------------------------------------------------------------------------------
Finished Renaming Generated Instances : Time (s): cpu = 00:00:17 ; elapsed = 00:00:29 . Memory (MB): peak = 1250.172 ; gain = 756.586
---------------------------------------------------------------------------------
---------------------------------------------------------------------------------
Start Rebuilding User Hierarchy
---------------------------------------------------------------------------------
---------------------------------------------------------------------------------
Finished Rebuilding User Hierarchy : Time (s): cpu = 00:00:17 ; elapsed = 00:00:29 . Memory (MB): peak = 1250.172 ; gain = 756.586
---------------------------------------------------------------------------------
---------------------------------------------------------------------------------
Start Renaming Generated Ports
---------------------------------------------------------------------------------
---------------------------------------------------------------------------------
Finished Renaming Generated Ports : Time (s): cpu = 00:00:17 ; elapsed = 00:00:29 . Memory (MB): peak = 1250.172 ; gain = 756.586
---------------------------------------------------------------------------------
---------------------------------------------------------------------------------
Start Handling Custom Attributes
---------------------------------------------------------------------------------
---------------------------------------------------------------------------------
Finished Handling Custom Attributes : Time (s): cpu = 00:00:17 ; elapsed = 00:00:29 . Memory (MB): peak = 1250.172 ; gain = 756.586
---------------------------------------------------------------------------------
---------------------------------------------------------------------------------
Start Renaming Generated Nets
---------------------------------------------------------------------------------
---------------------------------------------------------------------------------
Finished Renaming Generated Nets : Time (s): cpu = 00:00:17 ; elapsed = 00:00:29 . Memory (MB): peak = 1250.172 ; gain = 756.586
---------------------------------------------------------------------------------
---------------------------------------------------------------------------------
Start Writing Synthesis Report
---------------------------------------------------------------------------------

Report BlackBoxes: 
+-+--------------+----------+
| |BlackBox name |Instances |
+-+--------------+----------+
+-+--------------+----------+

Report Cell Usage: 
+------+-----+------+
|      |Cell |Count |
+------+-----+------+
|1     |LUT2 |    16|
|2     |LUT3 |     8|
|3     |LUT5 |     1|
|4     |FDCE |     8|
|5     |FDPE |     8|
|6     |FDRE |     1|
|7     |LDC  |     8|
+------+-----+------+

Report Instance Areas: 
+------+---------+-----------------------+------+
|      |Instance |Module                 |Cells |
+------+---------+-----------------------+------+
|1     |top      |                       |    50|
|2     |  U0     |shift_register_generic |    50|
+------+---------+-----------------------+------+
---------------------------------------------------------------------------------
Finished Writing Synthesis Report : Time (s): cpu = 00:00:17 ; elapsed = 00:00:29 . Memory (MB): peak = 1250.172 ; gain = 756.586
---------------------------------------------------------------------------------
Synthesis finished with 0 errors, 0 critical warnings and 3 warnings.
Synthesis Optimization Runtime : Time (s): cpu = 00:00:17 ; elapsed = 00:00:29 . Memory (MB): peak = 1250.172 ; gain = 756.586
Synthesis Optimization Complete : Time (s): cpu = 00:00:17 ; elapsed = 00:00:29 . Memory (MB): peak = 1250.172 ; gain = 756.586
INFO: [Project 1-571] Translating synthesized netlist
Netlist sorting complete. Time (s): cpu = 00:00:00 ; elapsed = 00:00:00 . Memory (MB): peak = 1262.152 ; gain = 0.000
INFO: [Netlist 29-17] Analyzing 8 Unisim elements for replacement
INFO: [Netlist 29-28] Unisim Transformation completed in 0 CPU seconds
INFO: [Project 1-570] Preparing netlist for logic optimization
INFO: [Opt 31-138] Pushed 0 inverter(s) to 0 load pin(s).
Netlist sorting complete. Time (s): cpu = 00:00:00 ; elapsed = 00:00:00 . Memory (MB): peak = 1358.520 ; gain = 0.000
INFO: [Project 1-111] Unisim Transformation Summary:
  A total of 8 instances were transformed.
  LDC => LDCE: 8 instances

Processen kan ikke f† adgang til filen, da den bruges af en anden proces.
Synth Design complete | Checksum: 3de2d17
INFO: [Common 17-83] Releasing license: Synthesis
22 Infos, 4 Warnings, 0 Critical Warnings and 0 Errors encountered.
synth_design completed successfully
synth_design: Time (s): cpu = 00:00:18 ; elapsed = 00:00:32 . Memory (MB): peak = 1358.520 ; gain = 869.918
INFO: [Timing 38-35] Done setting XDC timing constraints.
Write ShapeDB Complete: Time (s): cpu = 00:00:00 ; elapsed = 00:00:00.001 . Memory (MB): peak = 1670.793 ; gain = 0.000
INFO: [Common 17-1381] The checkpoint 'C:/Users/Corne/Documents/MEGA/4. Semester/Digital/FPGA_1_MASTER/FPGA_1_MASTER.runs/Master_shift_register_gener_0_0_synth_1/Master_shift_register_gener_0_0.dcp' has been generated.
write_checkpoint: Time (s): cpu = 00:00:06 ; elapsed = 00:00:13 . Memory (MB): peak = 1671.000 ; gain = 312.480
INFO: [Coretcl 2-1648] Added synthesis output to IP cache for IP Master_shift_register_gener_0_0, cache-ID = bdbf218f97b05061
Write ShapeDB Complete: Time (s): cpu = 00:00:00 ; elapsed = 00:00:00.001 . Memory (MB): peak = 1671.066 ; gain = 0.000
INFO: [Common 17-1381] The checkpoint 'C:/Users/Corne/Documents/MEGA/4. Semester/Digital/FPGA_1_MASTER/FPGA_1_MASTER.runs/Master_shift_register_gener_0_0_synth_1/Master_shift_register_gener_0_0.dcp' has been generated.
INFO: [runtcl-4] Executing : report_utilization -file Master_shift_register_gener_0_0_utilization_synth.rpt -pb Master_shift_register_gener_0_0_utilization_synth.pb
INFO: [Common 17-206] Exiting Vivado at Tue May 14 12:31:52 2024...
