Copyright 1986-2022 Xilinx, Inc. All Rights Reserved. Copyright 2022-2023 Advanced Micro Devices, Inc. All Rights Reserved.
------------------------------------------------------------------------------------------------------------------------------------------------------------------------------------------------------------------------------------------
| Tool Version : Vivado v.2023.2 (lin64) Build 4029153 Fri Oct 13 20:13:54 MDT 2023
| Date         : Wed May 15 16:01:32 2024
| Host         : Laptop running 64-bit Ubuntu 22.04.4 LTS
| Command      : report_timing_summary -max_paths 10 -report_unconstrained -file sub_spi_wrapper_timing_summary_routed.rpt -pb sub_spi_wrapper_timing_summary_routed.pb -rpx sub_spi_wrapper_timing_summary_routed.rpx -warn_on_violation
| Design       : sub_spi_wrapper
| Device       : 7z020-clg400
| Speed File   : -1  PRODUCTION 1.12 2019-11-22
| Design State : Routed
------------------------------------------------------------------------------------------------------------------------------------------------------------------------------------------------------------------------------------------

Timing Summary Report

------------------------------------------------------------------------------------------------
| Timer Settings
| --------------
------------------------------------------------------------------------------------------------

  Enable Multi Corner Analysis               :  Yes
  Enable Pessimism Removal                   :  Yes
  Pessimism Removal Resolution               :  Nearest Common Node
  Enable Input Delay Default Clock           :  No
  Enable Preset / Clear Arcs                 :  No
  Disable Flight Delays                      :  No
  Ignore I/O Paths                           :  No
  Timing Early Launch at Borrowing Latches   :  No
  Borrow Time for Max Delay Exceptions       :  Yes
  Merge Timing Exceptions                    :  Yes
  Inter-SLR Compensation                     :  Conservative

  Corner  Analyze    Analyze    
  Name    Max Paths  Min Paths  
  ------  ---------  ---------  
  Slow    Yes        Yes        
  Fast    Yes        Yes        


------------------------------------------------------------------------------------------------
| Report Methodology
| ------------------
------------------------------------------------------------------------------------------------

Rule       Severity          Description                     Violations  
---------  ----------------  ------------------------------  ----------  
TIMING-17  Critical Warning  Non-clocked sequential cell     85          
TIMING-20  Warning           Non-clocked latch               9           
LATCH-1    Advisory          Existing latches in the design  1           

Note: This report is based on the most recent report_methodology run and may not be up-to-date. Run report_methodology on the current design for the latest report.



check_timing report

Table of Contents
-----------------
1. checking no_clock (111)
2. checking constant_clock (0)
3. checking pulse_width_clock (0)
4. checking unconstrained_internal_endpoints (206)
5. checking no_input_delay (5)
6. checking no_output_delay (2)
7. checking multiple_clock (0)
8. checking generated_clocks (0)
9. checking loops (0)
10. checking partial_input_delay (0)
11. checking partial_output_delay (0)
12. checking latch_loops (0)

1. checking no_clock (111)
--------------------------
 There are 47 register/latch pins with no clock driven by root clock pin: clk (HIGH)

 There are 8 register/latch pins with no clock driven by root clock pin: sub_spi_i/SPI_sub/inst/FSM_sequential_current_state_reg[0]/Q (HIGH)

 There are 9 register/latch pins with no clock driven by root clock pin: sub_spi_i/SPI_sub/inst/FSM_sequential_current_state_reg[1]/Q (HIGH)

 There are 9 register/latch pins with no clock driven by root clock pin: sub_spi_i/SPI_sub/inst/FSM_sequential_current_state_reg[2]/Q (HIGH)

 There are 38 register/latch pins with no clock driven by root clock pin: sub_spi_i/clock_div_0/inst/clk_div_reg/Q (HIGH)


2. checking constant_clock (0)
------------------------------
 There are 0 register/latch pins with constant_clock.


3. checking pulse_width_clock (0)
---------------------------------
 There are 0 register/latch pins which need pulse_width check


4. checking unconstrained_internal_endpoints (206)
--------------------------------------------------
 There are 206 pins that are not constrained for maximum delay. (HIGH)

 There are 0 pins that are not constrained for maximum delay due to constant clock.


5. checking no_input_delay (5)
------------------------------
 There are 5 input ports with no input delay specified. (HIGH)

 There are 0 input ports with no input delay but user has a false path constraint.


6. checking no_output_delay (2)
-------------------------------
 There are 2 ports with no output delay specified. (HIGH)

 There are 0 ports with no output delay but user has a false path constraint

 There are 0 ports with no output delay but with a timing clock defined on it or propagating through it


7. checking multiple_clock (0)
------------------------------
 There are 0 register/latch pins with multiple clocks.


8. checking generated_clocks (0)
--------------------------------
 There are 0 generated clocks that are not connected to a clock source.


9. checking loops (0)
---------------------
 There are 0 combinational loops in the design.


10. checking partial_input_delay (0)
------------------------------------
 There are 0 input ports with partial input delay specified.


11. checking partial_output_delay (0)
-------------------------------------
 There are 0 ports with partial output delay specified.


12. checking latch_loops (0)
----------------------------
 There are 0 combinational latch loops in the design through latch input



------------------------------------------------------------------------------------------------
| Design Timing Summary
| ---------------------
------------------------------------------------------------------------------------------------

    WNS(ns)      TNS(ns)  TNS Failing Endpoints  TNS Total Endpoints      WHS(ns)      THS(ns)  THS Failing Endpoints  THS Total Endpoints     WPWS(ns)     TPWS(ns)  TPWS Failing Endpoints  TPWS Total Endpoints  
    -------      -------  ---------------------  -------------------      -------      -------  ---------------------  -------------------     --------     --------  ----------------------  --------------------  
        inf        0.000                      0                  208          inf        0.000                      0                  208           NA           NA                      NA                    NA  


There are no user specified timing constraints.


------------------------------------------------------------------------------------------------
| Clock Summary
| -------------
------------------------------------------------------------------------------------------------


------------------------------------------------------------------------------------------------
| Intra Clock Table
| -----------------
------------------------------------------------------------------------------------------------

Clock             WNS(ns)      TNS(ns)  TNS Failing Endpoints  TNS Total Endpoints      WHS(ns)      THS(ns)  THS Failing Endpoints  THS Total Endpoints     WPWS(ns)     TPWS(ns)  TPWS Failing Endpoints  TPWS Total Endpoints  
-----             -------      -------  ---------------------  -------------------      -------      -------  ---------------------  -------------------     --------     --------  ----------------------  --------------------  


------------------------------------------------------------------------------------------------
| Inter Clock Table
| -----------------
------------------------------------------------------------------------------------------------

From Clock    To Clock          WNS(ns)      TNS(ns)  TNS Failing Endpoints  TNS Total Endpoints      WHS(ns)      THS(ns)  THS Failing Endpoints  THS Total Endpoints  
----------    --------          -------      -------  ---------------------  -------------------      -------      -------  ---------------------  -------------------  


------------------------------------------------------------------------------------------------
| Other Path Groups Table
| -----------------------
------------------------------------------------------------------------------------------------

Path Group    From Clock    To Clock          WNS(ns)      TNS(ns)  TNS Failing Endpoints  TNS Total Endpoints      WHS(ns)      THS(ns)  THS Failing Endpoints  THS Total Endpoints  
----------    ----------    --------          -------      -------  ---------------------  -------------------      -------      -------  ---------------------  -------------------  


------------------------------------------------------------------------------------------------
| User Ignored Path Table
| -----------------------
------------------------------------------------------------------------------------------------

Path Group    From Clock    To Clock    
----------    ----------    --------    


------------------------------------------------------------------------------------------------
| Unconstrained Path Table
| ------------------------
------------------------------------------------------------------------------------------------

Path Group    From Clock    To Clock    
----------    ----------    --------    
(none)                                    


------------------------------------------------------------------------------------------------
| Timing Details
| --------------
------------------------------------------------------------------------------------------------


--------------------------------------------------------------------------------------
Path Group:  (none)
From Clock:  
  To Clock:  

Max Delay           208 Endpoints
Min Delay           208 Endpoints
--------------------------------------------------------------------------------------


Max Delay Paths
--------------------------------------------------------------------------------------
Slack:                    inf
  Source:                 rst
                            (input port)
  Destination:            sub_spi_i/clock_div_0/inst/clk_div_reg/D
  Path Group:             (none)
  Path Type:              Max at Slow Process Corner
  Data Path Delay:        6.442ns  (logic 1.711ns (26.566%)  route 4.731ns (73.434%))
  Logic Levels:           3  (IBUF=1 LUT6=2)

    Location             Delay type                Incr(ns)  Path(ns)    Netlist Resource(s)
  -------------------------------------------------------------------    -------------------
    D19                                               0.000     0.000 f  rst (IN)
                         net (fo=0)                   0.000     0.000    rst
    D19                  IBUF (Prop_ibuf_I_O)         1.463     1.463 f  rst_IBUF_inst/O
                         net (fo=70, routed)          4.279     5.742    sub_spi_i/clock_div_0/inst/rst
    SLICE_X102Y78        LUT6 (Prop_lut6_I2_O)        0.124     5.866 f  sub_spi_i/clock_div_0/inst/clk_div_i_3/O
                         net (fo=1, routed)           0.452     6.318    sub_spi_i/clock_div_0/inst/clk_div_i_3_n_0
    SLICE_X102Y78        LUT6 (Prop_lut6_I2_O)        0.124     6.442 r  sub_spi_i/clock_div_0/inst/clk_div_i_1/O
                         net (fo=1, routed)           0.000     6.442    sub_spi_i/clock_div_0/inst/clk_div_i_1_n_0
    SLICE_X102Y78        FDRE                                         r  sub_spi_i/clock_div_0/inst/clk_div_reg/D
  -------------------------------------------------------------------    -------------------

Slack:                    inf
  Source:                 sub_spi_i/SPI_sub/inst/MISO_reg/G
                            (positive level-sensitive latch)
  Destination:            MISO
                            (output port)
  Path Group:             (none)
  Path Type:              Max at Slow Process Corner
  Data Path Delay:        5.988ns  (logic 4.181ns (69.816%)  route 1.807ns (30.184%))
  Logic Levels:           2  (LDCE=1 OBUF=1)

    Location             Delay type                Incr(ns)  Path(ns)    Netlist Resource(s)
  -------------------------------------------------------------------    -------------------
    SLICE_X113Y83        LDCE                         0.000     0.000 r  sub_spi_i/SPI_sub/inst/MISO_reg/G
    SLICE_X113Y83        LDCE (EnToQ_ldce_G_Q)        0.559     0.559 r  sub_spi_i/SPI_sub/inst/MISO_reg/Q
                         net (fo=1, routed)           1.807     2.366    MISO_OBUF
    Y17                  OBUF (Prop_obuf_I_O)         3.622     5.988 r  MISO_OBUF_inst/O
                         net (fo=0)                   0.000     5.988    MISO
    Y17                                                               r  MISO (OUT)
  -------------------------------------------------------------------    -------------------

Slack:                    inf
  Source:                 sub_spi_i/tx_mod_0/inst/reg_data_reg[0]/C
                            (rising edge-triggered cell FDPE)
  Destination:            sout
                            (output port)
  Path Group:             (none)
  Path Type:              Max at Slow Process Corner
  Data Path Delay:        5.777ns  (logic 4.100ns (70.968%)  route 1.677ns (29.032%))
  Logic Levels:           2  (FDPE=1 OBUF=1)

    Location             Delay type                Incr(ns)  Path(ns)    Netlist Resource(s)
  -------------------------------------------------------------------    -------------------
    SLICE_X113Y84        FDPE                         0.000     0.000 r  sub_spi_i/tx_mod_0/inst/reg_data_reg[0]/C
    SLICE_X113Y84        FDPE (Prop_fdpe_C_Q)         0.456     0.456 r  sub_spi_i/tx_mod_0/inst/reg_data_reg[0]/Q
                         net (fo=1, routed)           1.677     2.133    sout_OBUF
    Y14                  OBUF (Prop_obuf_I_O)         3.644     5.777 r  sout_OBUF_inst/O
                         net (fo=0)                   0.000     5.777    sout
    Y14                                                               r  sout (OUT)
  -------------------------------------------------------------------    -------------------

Slack:                    inf
  Source:                 rst
                            (input port)
  Destination:            sub_spi_i/clock_div_0/inst/cnt_reg[0]/CLR
  Path Group:             (none)
  Path Type:              Max at Slow Process Corner
  Data Path Delay:        5.534ns  (logic 1.463ns (26.442%)  route 4.071ns (73.558%))
  Logic Levels:           1  (IBUF=1)

    Location             Delay type                Incr(ns)  Path(ns)    Netlist Resource(s)
  -------------------------------------------------------------------    -------------------
    D19                                               0.000     0.000 f  rst (IN)
                         net (fo=0)                   0.000     0.000    rst
    D19                  IBUF (Prop_ibuf_I_O)         1.463     1.463 f  rst_IBUF_inst/O
                         net (fo=70, routed)          4.071     5.534    sub_spi_i/clock_div_0/inst/rst
    SLICE_X102Y76        FDCE                                         f  sub_spi_i/clock_div_0/inst/cnt_reg[0]/CLR
  -------------------------------------------------------------------    -------------------

Slack:                    inf
  Source:                 rst
                            (input port)
  Destination:            sub_spi_i/clock_div_0/inst/cnt_reg[1]/CLR
  Path Group:             (none)
  Path Type:              Max at Slow Process Corner
  Data Path Delay:        5.534ns  (logic 1.463ns (26.442%)  route 4.071ns (73.558%))
  Logic Levels:           1  (IBUF=1)

    Location             Delay type                Incr(ns)  Path(ns)    Netlist Resource(s)
  -------------------------------------------------------------------    -------------------
    D19                                               0.000     0.000 f  rst (IN)
                         net (fo=0)                   0.000     0.000    rst
    D19                  IBUF (Prop_ibuf_I_O)         1.463     1.463 f  rst_IBUF_inst/O
                         net (fo=70, routed)          4.071     5.534    sub_spi_i/clock_div_0/inst/rst
    SLICE_X102Y76        FDCE                                         f  sub_spi_i/clock_div_0/inst/cnt_reg[1]/CLR
  -------------------------------------------------------------------    -------------------

Slack:                    inf
  Source:                 rst
                            (input port)
  Destination:            sub_spi_i/clock_div_0/inst/cnt_reg[2]/CLR
  Path Group:             (none)
  Path Type:              Max at Slow Process Corner
  Data Path Delay:        5.534ns  (logic 1.463ns (26.442%)  route 4.071ns (73.558%))
  Logic Levels:           1  (IBUF=1)

    Location             Delay type                Incr(ns)  Path(ns)    Netlist Resource(s)
  -------------------------------------------------------------------    -------------------
    D19                                               0.000     0.000 f  rst (IN)
                         net (fo=0)                   0.000     0.000    rst
    D19                  IBUF (Prop_ibuf_I_O)         1.463     1.463 f  rst_IBUF_inst/O
                         net (fo=70, routed)          4.071     5.534    sub_spi_i/clock_div_0/inst/rst
    SLICE_X103Y76        FDCE                                         f  sub_spi_i/clock_div_0/inst/cnt_reg[2]/CLR
  -------------------------------------------------------------------    -------------------

Slack:                    inf
  Source:                 rst
                            (input port)
  Destination:            sub_spi_i/clock_div_0/inst/cnt_reg[3]/CLR
  Path Group:             (none)
  Path Type:              Max at Slow Process Corner
  Data Path Delay:        5.534ns  (logic 1.463ns (26.442%)  route 4.071ns (73.558%))
  Logic Levels:           1  (IBUF=1)

    Location             Delay type                Incr(ns)  Path(ns)    Netlist Resource(s)
  -------------------------------------------------------------------    -------------------
    D19                                               0.000     0.000 f  rst (IN)
                         net (fo=0)                   0.000     0.000    rst
    D19                  IBUF (Prop_ibuf_I_O)         1.463     1.463 f  rst_IBUF_inst/O
                         net (fo=70, routed)          4.071     5.534    sub_spi_i/clock_div_0/inst/rst
    SLICE_X103Y76        FDCE                                         f  sub_spi_i/clock_div_0/inst/cnt_reg[3]/CLR
  -------------------------------------------------------------------    -------------------

Slack:                    inf
  Source:                 rst
                            (input port)
  Destination:            sub_spi_i/clock_div_0/inst/cnt_reg[4]/CLR
  Path Group:             (none)
  Path Type:              Max at Slow Process Corner
  Data Path Delay:        5.534ns  (logic 1.463ns (26.442%)  route 4.071ns (73.558%))
  Logic Levels:           1  (IBUF=1)

    Location             Delay type                Incr(ns)  Path(ns)    Netlist Resource(s)
  -------------------------------------------------------------------    -------------------
    D19                                               0.000     0.000 f  rst (IN)
                         net (fo=0)                   0.000     0.000    rst
    D19                  IBUF (Prop_ibuf_I_O)         1.463     1.463 f  rst_IBUF_inst/O
                         net (fo=70, routed)          4.071     5.534    sub_spi_i/clock_div_0/inst/rst
    SLICE_X102Y76        FDCE                                         f  sub_spi_i/clock_div_0/inst/cnt_reg[4]/CLR
  -------------------------------------------------------------------    -------------------

Slack:                    inf
  Source:                 rst
                            (input port)
  Destination:            sub_spi_i/SPI_sub/inst/bit_counter_reg[0]/CLR
  Path Group:             (none)
  Path Type:              Max at Slow Process Corner
  Data Path Delay:        5.532ns  (logic 1.463ns (26.454%)  route 4.068ns (73.546%))
  Logic Levels:           1  (IBUF=1)

    Location             Delay type                Incr(ns)  Path(ns)    Netlist Resource(s)
  -------------------------------------------------------------------    -------------------
    D19                                               0.000     0.000 f  rst (IN)
                         net (fo=0)                   0.000     0.000    rst
    D19                  IBUF (Prop_ibuf_I_O)         1.463     1.463 f  rst_IBUF_inst/O
                         net (fo=70, routed)          4.068     5.532    sub_spi_i/SPI_sub/inst/rst
    SLICE_X112Y83        FDCE                                         f  sub_spi_i/SPI_sub/inst/bit_counter_reg[0]/CLR
  -------------------------------------------------------------------    -------------------

Slack:                    inf
  Source:                 rst
                            (input port)
  Destination:            sub_spi_i/SPI_sub/inst/bit_counter_reg[1]/CLR
  Path Group:             (none)
  Path Type:              Max at Slow Process Corner
  Data Path Delay:        5.532ns  (logic 1.463ns (26.454%)  route 4.068ns (73.546%))
  Logic Levels:           1  (IBUF=1)

    Location             Delay type                Incr(ns)  Path(ns)    Netlist Resource(s)
  -------------------------------------------------------------------    -------------------
    D19                                               0.000     0.000 f  rst (IN)
                         net (fo=0)                   0.000     0.000    rst
    D19                  IBUF (Prop_ibuf_I_O)         1.463     1.463 f  rst_IBUF_inst/O
                         net (fo=70, routed)          4.068     5.532    sub_spi_i/SPI_sub/inst/rst
    SLICE_X112Y83        FDCE                                         f  sub_spi_i/SPI_sub/inst/bit_counter_reg[1]/CLR
  -------------------------------------------------------------------    -------------------





Min Delay Paths
--------------------------------------------------------------------------------------
Slack:                    inf
  Source:                 sub_spi_i/MOSI_synchronizer/inst/flipflop_reg_reg[0]/C
                            (rising edge-triggered cell FDRE)
  Destination:            sub_spi_i/MOSI_synchronizer/inst/flipflop_reg_reg[1]/D
  Path Group:             (none)
  Path Type:              Min at Fast Process Corner
  Data Path Delay:        0.197ns  (logic 0.141ns (71.611%)  route 0.056ns (28.389%))
  Logic Levels:           1  (FDRE=1)

    Location             Delay type                Incr(ns)  Path(ns)    Netlist Resource(s)
  -------------------------------------------------------------------    -------------------
    SLICE_X113Y86        FDRE                         0.000     0.000 r  sub_spi_i/MOSI_synchronizer/inst/flipflop_reg_reg[0]/C
    SLICE_X113Y86        FDRE (Prop_fdre_C_Q)         0.141     0.141 r  sub_spi_i/MOSI_synchronizer/inst/flipflop_reg_reg[0]/Q
                         net (fo=1, routed)           0.056     0.197    sub_spi_i/MOSI_synchronizer/inst/flipflop_reg[0]
    SLICE_X113Y86        FDRE                                         r  sub_spi_i/MOSI_synchronizer/inst/flipflop_reg_reg[1]/D
  -------------------------------------------------------------------    -------------------

Slack:                    inf
  Source:                 sub_spi_i/sin_synchronizer/inst/flipflop_reg_reg[0]/C
                            (rising edge-triggered cell FDRE)
  Destination:            sub_spi_i/sin_synchronizer/inst/flipflop_reg_reg[1]/D
  Path Group:             (none)
  Path Type:              Min at Fast Process Corner
  Data Path Delay:        0.197ns  (logic 0.141ns (71.611%)  route 0.056ns (28.389%))
  Logic Levels:           1  (FDRE=1)

    Location             Delay type                Incr(ns)  Path(ns)    Netlist Resource(s)
  -------------------------------------------------------------------    -------------------
    SLICE_X113Y86        FDRE                         0.000     0.000 r  sub_spi_i/sin_synchronizer/inst/flipflop_reg_reg[0]/C
    SLICE_X113Y86        FDRE (Prop_fdre_C_Q)         0.141     0.141 r  sub_spi_i/sin_synchronizer/inst/flipflop_reg_reg[0]/Q
                         net (fo=1, routed)           0.056     0.197    sub_spi_i/sin_synchronizer/inst/flipflop_reg[0]
    SLICE_X113Y86        FDRE                                         r  sub_spi_i/sin_synchronizer/inst/flipflop_reg_reg[1]/D
  -------------------------------------------------------------------    -------------------

Slack:                    inf
  Source:                 sub_spi_i/CS_synchronizer/inst/flipflop_reg_reg[0]/C
                            (rising edge-triggered cell FDRE)
  Destination:            sub_spi_i/CS_synchronizer/inst/flipflop_reg_reg[1]/D
  Path Group:             (none)
  Path Type:              Min at Fast Process Corner
  Data Path Delay:        0.220ns  (logic 0.164ns (74.580%)  route 0.056ns (25.420%))
  Logic Levels:           1  (FDRE=1)

    Location             Delay type                Incr(ns)  Path(ns)    Netlist Resource(s)
  -------------------------------------------------------------------    -------------------
    SLICE_X112Y74        FDRE                         0.000     0.000 r  sub_spi_i/CS_synchronizer/inst/flipflop_reg_reg[0]/C
    SLICE_X112Y74        FDRE (Prop_fdre_C_Q)         0.164     0.164 r  sub_spi_i/CS_synchronizer/inst/flipflop_reg_reg[0]/Q
                         net (fo=1, routed)           0.056     0.220    sub_spi_i/CS_synchronizer/inst/flipflop_reg[0]
    SLICE_X112Y74        FDRE                                         r  sub_spi_i/CS_synchronizer/inst/flipflop_reg_reg[1]/D
  -------------------------------------------------------------------    -------------------

Slack:                    inf
  Source:                 sub_spi_i/SCLK_synchronizer/inst/flipflop_reg_reg[0]/C
                            (rising edge-triggered cell FDRE)
  Destination:            sub_spi_i/SCLK_synchronizer/inst/flipflop_reg_reg[1]/D
  Path Group:             (none)
  Path Type:              Min at Fast Process Corner
  Data Path Delay:        0.220ns  (logic 0.164ns (74.580%)  route 0.056ns (25.420%))
  Logic Levels:           1  (FDRE=1)

    Location             Delay type                Incr(ns)  Path(ns)    Netlist Resource(s)
  -------------------------------------------------------------------    -------------------
    SLICE_X112Y74        FDRE                         0.000     0.000 r  sub_spi_i/SCLK_synchronizer/inst/flipflop_reg_reg[0]/C
    SLICE_X112Y74        FDRE (Prop_fdre_C_Q)         0.164     0.164 r  sub_spi_i/SCLK_synchronizer/inst/flipflop_reg_reg[0]/Q
                         net (fo=1, routed)           0.056     0.220    sub_spi_i/SCLK_synchronizer/inst/flipflop_reg[0]
    SLICE_X112Y74        FDRE                                         r  sub_spi_i/SCLK_synchronizer/inst/flipflop_reg_reg[1]/D
  -------------------------------------------------------------------    -------------------

Slack:                    inf
  Source:                 sub_spi_i/sin_synchronizer/inst/flipflop_reg_reg[1]/C
                            (rising edge-triggered cell FDRE)
  Destination:            sub_spi_i/sin_synchronizer/inst/Q_reg/D
  Path Group:             (none)
  Path Type:              Min at Fast Process Corner
  Data Path Delay:        0.244ns  (logic 0.128ns (52.512%)  route 0.116ns (47.488%))
  Logic Levels:           1  (FDRE=1)

    Location             Delay type                Incr(ns)  Path(ns)    Netlist Resource(s)
  -------------------------------------------------------------------    -------------------
    SLICE_X113Y86        FDRE                         0.000     0.000 r  sub_spi_i/sin_synchronizer/inst/flipflop_reg_reg[1]/C
    SLICE_X113Y86        FDRE (Prop_fdre_C_Q)         0.128     0.128 r  sub_spi_i/sin_synchronizer/inst/flipflop_reg_reg[1]/Q
                         net (fo=1, routed)           0.116     0.244    sub_spi_i/sin_synchronizer/inst/flipflop_reg[1]
    SLICE_X112Y86        FDRE                                         r  sub_spi_i/sin_synchronizer/inst/Q_reg/D
  -------------------------------------------------------------------    -------------------

Slack:                    inf
  Source:                 sub_spi_i/MOSI_synchronizer/inst/flipflop_reg_reg[1]/C
                            (rising edge-triggered cell FDRE)
  Destination:            sub_spi_i/MOSI_synchronizer/inst/Q_reg/D
  Path Group:             (none)
  Path Type:              Min at Fast Process Corner
  Data Path Delay:        0.247ns  (logic 0.128ns (51.736%)  route 0.119ns (48.264%))
  Logic Levels:           1  (FDRE=1)

    Location             Delay type                Incr(ns)  Path(ns)    Netlist Resource(s)
  -------------------------------------------------------------------    -------------------
    SLICE_X113Y86        FDRE                         0.000     0.000 r  sub_spi_i/MOSI_synchronizer/inst/flipflop_reg_reg[1]/C
    SLICE_X113Y86        FDRE (Prop_fdre_C_Q)         0.128     0.128 r  sub_spi_i/MOSI_synchronizer/inst/flipflop_reg_reg[1]/Q
                         net (fo=1, routed)           0.119     0.247    sub_spi_i/MOSI_synchronizer/inst/flipflop_reg[1]
    SLICE_X112Y86        FDRE                                         r  sub_spi_i/MOSI_synchronizer/inst/Q_reg/D
  -------------------------------------------------------------------    -------------------

Slack:                    inf
  Source:                 sub_spi_i/SPI_sub/inst/shift_reg_reg[1]/C
                            (rising edge-triggered cell FDCE)
  Destination:            sub_spi_i/SPI_sub/inst/data_out_reg[1]/D
  Path Group:             (none)
  Path Type:              Min at Fast Process Corner
  Data Path Delay:        0.248ns  (logic 0.128ns (51.537%)  route 0.120ns (48.463%))
  Logic Levels:           1  (FDCE=1)

    Location             Delay type                Incr(ns)  Path(ns)    Netlist Resource(s)
  -------------------------------------------------------------------    -------------------
    SLICE_X110Y84        FDCE                         0.000     0.000 r  sub_spi_i/SPI_sub/inst/shift_reg_reg[1]/C
    SLICE_X110Y84        FDCE (Prop_fdce_C_Q)         0.128     0.128 r  sub_spi_i/SPI_sub/inst/shift_reg_reg[1]/Q
                         net (fo=2, routed)           0.120     0.248    sub_spi_i/SPI_sub/inst/shift_reg_reg_n_0_[1]
    SLICE_X112Y84        LDCE                                         r  sub_spi_i/SPI_sub/inst/data_out_reg[1]/D
  -------------------------------------------------------------------    -------------------

Slack:                    inf
  Source:                 sub_spi_i/CS_synchronizer/inst/flipflop_reg_reg[1]/C
                            (rising edge-triggered cell FDRE)
  Destination:            sub_spi_i/CS_synchronizer/inst/Q_reg/D
  Path Group:             (none)
  Path Type:              Min at Fast Process Corner
  Data Path Delay:        0.267ns  (logic 0.148ns (55.377%)  route 0.119ns (44.623%))
  Logic Levels:           1  (FDRE=1)

    Location             Delay type                Incr(ns)  Path(ns)    Netlist Resource(s)
  -------------------------------------------------------------------    -------------------
    SLICE_X112Y74        FDRE                         0.000     0.000 r  sub_spi_i/CS_synchronizer/inst/flipflop_reg_reg[1]/C
    SLICE_X112Y74        FDRE (Prop_fdre_C_Q)         0.148     0.148 r  sub_spi_i/CS_synchronizer/inst/flipflop_reg_reg[1]/Q
                         net (fo=1, routed)           0.119     0.267    sub_spi_i/CS_synchronizer/inst/flipflop_reg[1]
    SLICE_X113Y74        FDRE                                         r  sub_spi_i/CS_synchronizer/inst/Q_reg/D
  -------------------------------------------------------------------    -------------------

Slack:                    inf
  Source:                 sub_spi_i/SCLK_synchronizer/inst/flipflop_reg_reg[1]/C
                            (rising edge-triggered cell FDRE)
  Destination:            sub_spi_i/SCLK_synchronizer/inst/Q_reg/D
  Path Group:             (none)
  Path Type:              Min at Fast Process Corner
  Data Path Delay:        0.268ns  (logic 0.148ns (55.273%)  route 0.120ns (44.727%))
  Logic Levels:           1  (FDRE=1)

    Location             Delay type                Incr(ns)  Path(ns)    Netlist Resource(s)
  -------------------------------------------------------------------    -------------------
    SLICE_X112Y74        FDRE                         0.000     0.000 r  sub_spi_i/SCLK_synchronizer/inst/flipflop_reg_reg[1]/C
    SLICE_X112Y74        FDRE (Prop_fdre_C_Q)         0.148     0.148 r  sub_spi_i/SCLK_synchronizer/inst/flipflop_reg_reg[1]/Q
                         net (fo=1, routed)           0.120     0.268    sub_spi_i/SCLK_synchronizer/inst/flipflop_reg[1]
    SLICE_X113Y74        FDRE                                         r  sub_spi_i/SCLK_synchronizer/inst/Q_reg/D
  -------------------------------------------------------------------    -------------------

Slack:                    inf
  Source:                 sub_spi_i/SPI_sub/inst/shift_reg_reg[6]/C
                            (rising edge-triggered cell FDCE)
  Destination:            sub_spi_i/SPI_sub/inst/data_out_reg[6]/D
  Path Group:             (none)
  Path Type:              Min at Fast Process Corner
  Data Path Delay:        0.270ns  (logic 0.141ns (52.151%)  route 0.129ns (47.849%))
  Logic Levels:           1  (FDCE=1)

    Location             Delay type                Incr(ns)  Path(ns)    Netlist Resource(s)
  -------------------------------------------------------------------    -------------------
    SLICE_X110Y84        FDCE                         0.000     0.000 r  sub_spi_i/SPI_sub/inst/shift_reg_reg[6]/C
    SLICE_X110Y84        FDCE (Prop_fdce_C_Q)         0.141     0.141 r  sub_spi_i/SPI_sub/inst/shift_reg_reg[6]/Q
                         net (fo=2, routed)           0.129     0.270    sub_spi_i/SPI_sub/inst/shift_reg_reg_n_0_[6]
    SLICE_X109Y84        LDCE                                         r  sub_spi_i/SPI_sub/inst/data_out_reg[6]/D
  -------------------------------------------------------------------    -------------------





