
*** Running vivado
    with args -log Master_AND_gate_0_0.vds -m64 -product Vivado -mode batch -messageDb vivado.pb -notrace -source Master_AND_gate_0_0.tcl


ECHO is off.
ECHO is off.

****** Vivado v2023.2 (64-bit)
  **** SW Build 4029153 on Fri Oct 13 20:14:34 MDT 2023
  **** IP Build 4028589 on Sat Oct 14 00:45:43 MDT 2023
  **** SharedData Build 4025554 on Tue Oct 10 17:18:54 MDT 2023
    ** Copyright 1986-2022 Xilinx, Inc. All Rights Reserved.
    ** Copyright 2022-2023 Advanced Micro Devices, Inc. All Rights Reserved.

source Master_AND_gate_0_0.tcl -notrace
create_project: Time (s): cpu = 00:00:04 ; elapsed = 00:00:06 . Memory (MB): peak = 476.199 ; gain = 183.668
INFO: [IP_Flow 19-234] Refreshing IP repositories
INFO: [IP_Flow 19-1704] No user IP repositories specified
INFO: [IP_Flow 19-2313] Loaded Vivado IP repository 'C:/Xilinx/Vivado/2023.2/data/ip'.
WARNING: [IP_Flow 19-4995] The host OS only allows 260 characters in a normal path. The IP cache path is more than 80 characters. If you experience issues with IP caching, please consider changing the IP cache to a location with a shorter path. Alternately consider using the OS subst command to map part of the path to a drive letter. 
Current IP cache path is c:/Users/Corne/Documents/MEGA/4. Semester/Digital/FPGA_1_MASTER/FPGA_1_MASTER.cache/ip 
INFO: [IP_Flow 19-6924] IPCACHE: Running cache check for IP inst: Master_AND_gate_0_0
Command: synth_design -top Master_AND_gate_0_0 -part xc7z020clg400-1 -incremental_mode off -mode out_of_context
Starting synth_design
Attempting to get a license for feature 'Synthesis' and/or device 'xc7z020'
INFO: [Common 17-349] Got license for feature 'Synthesis' and/or device 'xc7z020'
INFO: [Designutils 20-5008] Incremental synthesis strategy off
INFO: [Synth 8-7079] Multithreading enabled for synth_design using a maximum of 2 processes.
INFO: [Synth 8-7078] Launching helper process for spawning children vivado processes
INFO: [Synth 8-7075] Helper process launched with PID 30188
---------------------------------------------------------------------------------
Starting Synthesize : Time (s): cpu = 00:00:03 ; elapsed = 00:00:07 . Memory (MB): peak = 934.996 ; gain = 440.262
---------------------------------------------------------------------------------
INFO: [Synth 8-638] synthesizing module 'Master_AND_gate_0_0' [c:/Users/Corne/Documents/MEGA/4. Semester/Digital/FPGA_1_MASTER/FPGA_1_MASTER.gen/sources_1/bd/Master/ip/Master_AND_gate_0_0/synth/Master_AND_gate_0_0.vhd:64]
INFO: [Synth 8-3491] module 'AND_gate' declared at 'C:/Users/Corne/Documents/MEGA/4. Semester/Semesterprojekt/Semesterprojekt_4/FPGA_projekt/FPGA_projekt.srcs/sources_1/new/AND_gate.vhd:34' bound to instance 'U0' of component 'AND_gate' [c:/Users/Corne/Documents/MEGA/4. Semester/Digital/FPGA_1_MASTER/FPGA_1_MASTER.gen/sources_1/bd/Master/ip/Master_AND_gate_0_0/synth/Master_AND_gate_0_0.vhd:83]
INFO: [Synth 8-638] synthesizing module 'AND_gate' [C:/Users/Corne/Documents/MEGA/4. Semester/Semesterprojekt/Semesterprojekt_4/FPGA_projekt/FPGA_projekt.srcs/sources_1/new/AND_gate.vhd:40]
INFO: [Synth 8-256] done synthesizing module 'AND_gate' (0#1) [C:/Users/Corne/Documents/MEGA/4. Semester/Semesterprojekt/Semesterprojekt_4/FPGA_projekt/FPGA_projekt.srcs/sources_1/new/AND_gate.vhd:40]
INFO: [Synth 8-256] done synthesizing module 'Master_AND_gate_0_0' (0#1) [c:/Users/Corne/Documents/MEGA/4. Semester/Digital/FPGA_1_MASTER/FPGA_1_MASTER.gen/sources_1/bd/Master/ip/Master_AND_gate_0_0/synth/Master_AND_gate_0_0.vhd:64]
---------------------------------------------------------------------------------
Finished Synthesize : Time (s): cpu = 00:00:04 ; elapsed = 00:00:09 . Memory (MB): peak = 1041.938 ; gain = 547.203
---------------------------------------------------------------------------------
---------------------------------------------------------------------------------
Finished Constraint Validation : Time (s): cpu = 00:00:05 ; elapsed = 00:00:10 . Memory (MB): peak = 1041.938 ; gain = 547.203
---------------------------------------------------------------------------------
---------------------------------------------------------------------------------
Start Loading Part and Timing Information
---------------------------------------------------------------------------------
Loading part: xc7z020clg400-1
---------------------------------------------------------------------------------
Finished Loading Part and Timing Information : Time (s): cpu = 00:00:05 ; elapsed = 00:00:10 . Memory (MB): peak = 1041.938 ; gain = 547.203
---------------------------------------------------------------------------------
INFO: [Device 21-403] Loading part xc7z020clg400-1
---------------------------------------------------------------------------------
Finished RTL Optimization Phase 2 : Time (s): cpu = 00:00:05 ; elapsed = 00:00:10 . Memory (MB): peak = 1041.938 ; gain = 547.203
---------------------------------------------------------------------------------
No constraint files found.
---------------------------------------------------------------------------------
Start RTL Component Statistics 
---------------------------------------------------------------------------------
Detailed RTL Component Info : 
---------------------------------------------------------------------------------
Finished RTL Component Statistics 
---------------------------------------------------------------------------------
---------------------------------------------------------------------------------
Start Part Resource Summary
---------------------------------------------------------------------------------
Part Resources:
DSPs: 220 (col length:60)
BRAMs: 280 (col length: RAMB18 60 RAMB36 30)
---------------------------------------------------------------------------------
Finished Part Resource Summary
---------------------------------------------------------------------------------
No constraint files found.
---------------------------------------------------------------------------------
Start Cross Boundary and Area Optimization
---------------------------------------------------------------------------------
WARNING: [Synth 8-7080] Parallel synthesis criteria is not met
---------------------------------------------------------------------------------
Finished Cross Boundary and Area Optimization : Time (s): cpu = 00:00:07 ; elapsed = 00:00:28 . Memory (MB): peak = 1236.949 ; gain = 742.215
---------------------------------------------------------------------------------
No constraint files found.
---------------------------------------------------------------------------------
Start Timing Optimization
---------------------------------------------------------------------------------
---------------------------------------------------------------------------------
Finished Timing Optimization : Time (s): cpu = 00:00:07 ; elapsed = 00:00:28 . Memory (MB): peak = 1236.949 ; gain = 742.215
---------------------------------------------------------------------------------
---------------------------------------------------------------------------------
Start Technology Mapping
---------------------------------------------------------------------------------
---------------------------------------------------------------------------------
Finished Technology Mapping : Time (s): cpu = 00:00:08 ; elapsed = 00:00:28 . Memory (MB): peak = 1236.949 ; gain = 742.215
---------------------------------------------------------------------------------
---------------------------------------------------------------------------------
Start IO Insertion
---------------------------------------------------------------------------------
---------------------------------------------------------------------------------
Start Flattening Before IO Insertion
---------------------------------------------------------------------------------
---------------------------------------------------------------------------------
Finished Flattening Before IO Insertion
---------------------------------------------------------------------------------
---------------------------------------------------------------------------------
Start Final Netlist Cleanup
---------------------------------------------------------------------------------
---------------------------------------------------------------------------------
Finished Final Netlist Cleanup
---------------------------------------------------------------------------------
---------------------------------------------------------------------------------
Finished IO Insertion : Time (s): cpu = 00:00:11 ; elapsed = 00:00:32 . Memory (MB): peak = 1236.949 ; gain = 742.215
---------------------------------------------------------------------------------
---------------------------------------------------------------------------------
Start Renaming Generated Instances
---------------------------------------------------------------------------------
---------------------------------------------------------------------------------
Finished Renaming Generated Instances : Time (s): cpu = 00:00:11 ; elapsed = 00:00:32 . Memory (MB): peak = 1236.949 ; gain = 742.215
---------------------------------------------------------------------------------
---------------------------------------------------------------------------------
Start Rebuilding User Hierarchy
---------------------------------------------------------------------------------
---------------------------------------------------------------------------------
Finished Rebuilding User Hierarchy : Time (s): cpu = 00:00:11 ; elapsed = 00:00:32 . Memory (MB): peak = 1236.949 ; gain = 742.215
---------------------------------------------------------------------------------
---------------------------------------------------------------------------------
Start Renaming Generated Ports
---------------------------------------------------------------------------------
---------------------------------------------------------------------------------
Finished Renaming Generated Ports : Time (s): cpu = 00:00:11 ; elapsed = 00:00:32 . Memory (MB): peak = 1236.949 ; gain = 742.215
---------------------------------------------------------------------------------
---------------------------------------------------------------------------------
Start Handling Custom Attributes
---------------------------------------------------------------------------------
---------------------------------------------------------------------------------
Finished Handling Custom Attributes : Time (s): cpu = 00:00:11 ; elapsed = 00:00:32 . Memory (MB): peak = 1236.949 ; gain = 742.215
---------------------------------------------------------------------------------
---------------------------------------------------------------------------------
Start Renaming Generated Nets
---------------------------------------------------------------------------------
---------------------------------------------------------------------------------
Finished Renaming Generated Nets : Time (s): cpu = 00:00:11 ; elapsed = 00:00:32 . Memory (MB): peak = 1236.949 ; gain = 742.215
---------------------------------------------------------------------------------
---------------------------------------------------------------------------------
Start Writing Synthesis Report
---------------------------------------------------------------------------------

Report BlackBoxes: 
+-+--------------+----------+
| |BlackBox name |Instances |
+-+--------------+----------+
+-+--------------+----------+

Report Cell Usage: 
+------+-----+------+
|      |Cell |Count |
+------+-----+------+
|1     |LUT2 |     1|
+------+-----+------+

Report Instance Areas: 
+------+---------+-------+------+
|      |Instance |Module |Cells |
+------+---------+-------+------+
|1     |top      |       |     1|
+------+---------+-------+------+
---------------------------------------------------------------------------------
Finished Writing Synthesis Report : Time (s): cpu = 00:00:11 ; elapsed = 00:00:32 . Memory (MB): peak = 1236.949 ; gain = 742.215
---------------------------------------------------------------------------------
Synthesis finished with 0 errors, 0 critical warnings and 1 warnings.
Synthesis Optimization Runtime : Time (s): cpu = 00:00:11 ; elapsed = 00:00:32 . Memory (MB): peak = 1236.949 ; gain = 742.215
Synthesis Optimization Complete : Time (s): cpu = 00:00:11 ; elapsed = 00:00:32 . Memory (MB): peak = 1236.949 ; gain = 742.215
INFO: [Project 1-571] Translating synthesized netlist
Netlist sorting complete. Time (s): cpu = 00:00:00 ; elapsed = 00:00:00.001 . Memory (MB): peak = 1248.902 ; gain = 0.000
INFO: [Project 1-570] Preparing netlist for logic optimization
INFO: [Opt 31-138] Pushed 0 inverter(s) to 0 load pin(s).
Netlist sorting complete. Time (s): cpu = 00:00:00 ; elapsed = 00:00:00 . Memory (MB): peak = 1354.652 ; gain = 0.000
INFO: [Project 1-111] Unisim Transformation Summary:
No Unisim elements were transformed.

Den angivne sti blev ikke fundet.
Synth Design complete | Checksum: 4b2a745c
INFO: [Common 17-83] Releasing license: Synthesis
20 Infos, 2 Warnings, 0 Critical Warnings and 0 Errors encountered.
synth_design completed successfully
synth_design: Time (s): cpu = 00:00:12 ; elapsed = 00:00:34 . Memory (MB): peak = 1354.652 ; gain = 864.891
INFO: [Timing 38-35] Done setting XDC timing constraints.
INFO: [Common 17-1381] The checkpoint 'C:/Users/Corne/Documents/MEGA/4. Semester/Digital/FPGA_1_MASTER/FPGA_1_MASTER.runs/Master_AND_gate_0_0_synth_1/Master_AND_gate_0_0.dcp' has been generated.
write_checkpoint: Time (s): cpu = 00:00:05 ; elapsed = 00:00:08 . Memory (MB): peak = 1595.414 ; gain = 240.762
INFO: [Coretcl 2-1648] Added synthesis output to IP cache for IP Master_AND_gate_0_0, cache-ID = f3810e49a1d49afe
INFO: [Common 17-1381] The checkpoint 'C:/Users/Corne/Documents/MEGA/4. Semester/Digital/FPGA_1_MASTER/FPGA_1_MASTER.runs/Master_AND_gate_0_0_synth_1/Master_AND_gate_0_0.dcp' has been generated.
INFO: [runtcl-4] Executing : report_utilization -file Master_AND_gate_0_0_utilization_synth.rpt -pb Master_AND_gate_0_0_utilization_synth.pb
INFO: [Common 17-206] Exiting Vivado at Wed May 15 16:11:18 2024...
