
*** Running vivado
    with args -log Master_clock_div_0_0.vds -m64 -product Vivado -mode batch -messageDb vivado.pb -notrace -source Master_clock_div_0_0.tcl


ECHO is off.
ECHO is off.

****** Vivado v2023.2 (64-bit)
  **** SW Build 4029153 on Fri Oct 13 20:14:34 MDT 2023
  **** IP Build 4028589 on Sat Oct 14 00:45:43 MDT 2023
  **** SharedData Build 4025554 on Tue Oct 10 17:18:54 MDT 2023
    ** Copyright 1986-2022 Xilinx, Inc. All Rights Reserved.
    ** Copyright 2022-2023 Advanced Micro Devices, Inc. All Rights Reserved.

source Master_clock_div_0_0.tcl -notrace
create_project: Time (s): cpu = 00:00:04 ; elapsed = 00:00:06 . Memory (MB): peak = 474.207 ; gain = 182.309
INFO: [IP_Flow 19-234] Refreshing IP repositories
INFO: [IP_Flow 19-1704] No user IP repositories specified
INFO: [IP_Flow 19-2313] Loaded Vivado IP repository 'C:/Xilinx/Vivado/2023.2/data/ip'.
WARNING: [IP_Flow 19-4995] The host OS only allows 260 characters in a normal path. The IP cache path is more than 80 characters. If you experience issues with IP caching, please consider changing the IP cache to a location with a shorter path. Alternately consider using the OS subst command to map part of the path to a drive letter. 
Current IP cache path is c:/Users/Corne/Documents/MEGA/4. Semester/Digital/FPGA_1_MASTER/FPGA_1_MASTER.cache/ip 
INFO: [IP_Flow 19-6924] IPCACHE: Running cache check for IP inst: Master_clock_div_0_0
Command: synth_design -top Master_clock_div_0_0 -part xc7z020clg400-1 -incremental_mode off -mode out_of_context
Starting synth_design
Attempting to get a license for feature 'Synthesis' and/or device 'xc7z020'
INFO: [Common 17-349] Got license for feature 'Synthesis' and/or device 'xc7z020'
INFO: [Designutils 20-5008] Incremental synthesis strategy off
INFO: [Synth 8-7079] Multithreading enabled for synth_design using a maximum of 2 processes.
INFO: [Synth 8-7078] Launching helper process for spawning children vivado processes
INFO: [Synth 8-7075] Helper process launched with PID 17452
---------------------------------------------------------------------------------
Starting Synthesize : Time (s): cpu = 00:00:03 ; elapsed = 00:00:07 . Memory (MB): peak = 933.719 ; gain = 438.879
---------------------------------------------------------------------------------
INFO: [Synth 8-638] synthesizing module 'Master_clock_div_0_0' [c:/Users/Corne/Documents/MEGA/4. Semester/Digital/FPGA_1_MASTER/FPGA_1_MASTER.gen/sources_1/bd/Master/ip/Master_clock_div_0_0/synth/Master_clock_div_0_0.vhd:64]
	Parameter n_bits bound to: 13 - type: integer 
	Parameter half_val bound to: 4096 - type: integer 
INFO: [Synth 8-3491] module 'clock_div' declared at 'C:/Users/Corne/Documents/MEGA/4. Semester/Semesterprojekt/Semesterprojekt_4/FPGA_projekt/FPGA_projekt.srcs/sources_1/new/clock_divider.vhd:34' bound to instance 'U0' of component 'clock_div' [c:/Users/Corne/Documents/MEGA/4. Semester/Digital/FPGA_1_MASTER/FPGA_1_MASTER.gen/sources_1/bd/Master/ip/Master_clock_div_0_0/synth/Master_clock_div_0_0.vhd:93]
INFO: [Synth 8-638] synthesizing module 'clock_div' [C:/Users/Corne/Documents/MEGA/4. Semester/Semesterprojekt/Semesterprojekt_4/FPGA_projekt/FPGA_projekt.srcs/sources_1/new/clock_divider.vhd:42]
INFO: [Synth 8-256] done synthesizing module 'clock_div' (0#1) [C:/Users/Corne/Documents/MEGA/4. Semester/Semesterprojekt/Semesterprojekt_4/FPGA_projekt/FPGA_projekt.srcs/sources_1/new/clock_divider.vhd:42]
INFO: [Synth 8-256] done synthesizing module 'Master_clock_div_0_0' (0#1) [c:/Users/Corne/Documents/MEGA/4. Semester/Digital/FPGA_1_MASTER/FPGA_1_MASTER.gen/sources_1/bd/Master/ip/Master_clock_div_0_0/synth/Master_clock_div_0_0.vhd:64]
---------------------------------------------------------------------------------
Finished Synthesize : Time (s): cpu = 00:00:04 ; elapsed = 00:00:09 . Memory (MB): peak = 1040.391 ; gain = 545.551
---------------------------------------------------------------------------------
---------------------------------------------------------------------------------
Finished Constraint Validation : Time (s): cpu = 00:00:04 ; elapsed = 00:00:10 . Memory (MB): peak = 1040.391 ; gain = 545.551
---------------------------------------------------------------------------------
---------------------------------------------------------------------------------
Start Loading Part and Timing Information
---------------------------------------------------------------------------------
Loading part: xc7z020clg400-1
---------------------------------------------------------------------------------
Finished Loading Part and Timing Information : Time (s): cpu = 00:00:04 ; elapsed = 00:00:10 . Memory (MB): peak = 1040.391 ; gain = 545.551
---------------------------------------------------------------------------------
INFO: [Device 21-403] Loading part xc7z020clg400-1
---------------------------------------------------------------------------------
Finished RTL Optimization Phase 2 : Time (s): cpu = 00:00:04 ; elapsed = 00:00:10 . Memory (MB): peak = 1040.391 ; gain = 545.551
---------------------------------------------------------------------------------
No constraint files found.
---------------------------------------------------------------------------------
Start RTL Component Statistics 
---------------------------------------------------------------------------------
Detailed RTL Component Info : 
+---Registers : 
	                1 Bit    Registers := 1     
+---Muxes : 
	   2 Input    1 Bit        Muxes := 1     
---------------------------------------------------------------------------------
Finished RTL Component Statistics 
---------------------------------------------------------------------------------
---------------------------------------------------------------------------------
Start Part Resource Summary
---------------------------------------------------------------------------------
Part Resources:
DSPs: 220 (col length:60)
BRAMs: 280 (col length: RAMB18 60 RAMB36 30)
---------------------------------------------------------------------------------
Finished Part Resource Summary
---------------------------------------------------------------------------------
No constraint files found.
---------------------------------------------------------------------------------
Start Cross Boundary and Area Optimization
---------------------------------------------------------------------------------
WARNING: [Synth 8-7080] Parallel synthesis criteria is not met
---------------------------------------------------------------------------------
Finished Cross Boundary and Area Optimization : Time (s): cpu = 00:00:08 ; elapsed = 00:00:28 . Memory (MB): peak = 1249.652 ; gain = 754.812
---------------------------------------------------------------------------------
No constraint files found.
---------------------------------------------------------------------------------
Start Timing Optimization
---------------------------------------------------------------------------------
---------------------------------------------------------------------------------
Finished Timing Optimization : Time (s): cpu = 00:00:08 ; elapsed = 00:00:28 . Memory (MB): peak = 1250.562 ; gain = 755.723
---------------------------------------------------------------------------------
---------------------------------------------------------------------------------
Start Technology Mapping
---------------------------------------------------------------------------------
---------------------------------------------------------------------------------
Finished Technology Mapping : Time (s): cpu = 00:00:08 ; elapsed = 00:00:28 . Memory (MB): peak = 1250.562 ; gain = 755.723
---------------------------------------------------------------------------------
---------------------------------------------------------------------------------
Start IO Insertion
---------------------------------------------------------------------------------
---------------------------------------------------------------------------------
Start Flattening Before IO Insertion
---------------------------------------------------------------------------------
---------------------------------------------------------------------------------
Finished Flattening Before IO Insertion
---------------------------------------------------------------------------------
---------------------------------------------------------------------------------
Start Final Netlist Cleanup
---------------------------------------------------------------------------------
---------------------------------------------------------------------------------
Finished Final Netlist Cleanup
---------------------------------------------------------------------------------
---------------------------------------------------------------------------------
Finished IO Insertion : Time (s): cpu = 00:00:11 ; elapsed = 00:00:32 . Memory (MB): peak = 1250.562 ; gain = 755.723
---------------------------------------------------------------------------------
---------------------------------------------------------------------------------
Start Renaming Generated Instances
---------------------------------------------------------------------------------
---------------------------------------------------------------------------------
Finished Renaming Generated Instances : Time (s): cpu = 00:00:11 ; elapsed = 00:00:32 . Memory (MB): peak = 1250.562 ; gain = 755.723
---------------------------------------------------------------------------------
---------------------------------------------------------------------------------
Start Rebuilding User Hierarchy
---------------------------------------------------------------------------------
---------------------------------------------------------------------------------
Finished Rebuilding User Hierarchy : Time (s): cpu = 00:00:11 ; elapsed = 00:00:32 . Memory (MB): peak = 1250.562 ; gain = 755.723
---------------------------------------------------------------------------------
---------------------------------------------------------------------------------
Start Renaming Generated Ports
---------------------------------------------------------------------------------
---------------------------------------------------------------------------------
Finished Renaming Generated Ports : Time (s): cpu = 00:00:11 ; elapsed = 00:00:32 . Memory (MB): peak = 1250.562 ; gain = 755.723
---------------------------------------------------------------------------------
---------------------------------------------------------------------------------
Start Handling Custom Attributes
---------------------------------------------------------------------------------
---------------------------------------------------------------------------------
Finished Handling Custom Attributes : Time (s): cpu = 00:00:11 ; elapsed = 00:00:32 . Memory (MB): peak = 1250.562 ; gain = 755.723
---------------------------------------------------------------------------------
---------------------------------------------------------------------------------
Start Renaming Generated Nets
---------------------------------------------------------------------------------
---------------------------------------------------------------------------------
Finished Renaming Generated Nets : Time (s): cpu = 00:00:11 ; elapsed = 00:00:32 . Memory (MB): peak = 1250.562 ; gain = 755.723
---------------------------------------------------------------------------------
---------------------------------------------------------------------------------
Start Writing Synthesis Report
---------------------------------------------------------------------------------

Report BlackBoxes: 
+-+--------------+----------+
| |BlackBox name |Instances |
+-+--------------+----------+
+-+--------------+----------+

Report Cell Usage: 
+------+-------+------+
|      |Cell   |Count |
+------+-------+------+
|1     |CARRY4 |     4|
|2     |LUT1   |     1|
|3     |LUT6   |     3|
|4     |FDCE   |    13|
|5     |FDRE   |     1|
+------+-------+------+

Report Instance Areas: 
+------+---------+----------+------+
|      |Instance |Module    |Cells |
+------+---------+----------+------+
|1     |top      |          |    22|
|2     |  U0     |clock_div |    22|
+------+---------+----------+------+
---------------------------------------------------------------------------------
Finished Writing Synthesis Report : Time (s): cpu = 00:00:11 ; elapsed = 00:00:33 . Memory (MB): peak = 1250.562 ; gain = 755.723
---------------------------------------------------------------------------------
Synthesis finished with 0 errors, 0 critical warnings and 1 warnings.
Synthesis Optimization Runtime : Time (s): cpu = 00:00:11 ; elapsed = 00:00:33 . Memory (MB): peak = 1250.562 ; gain = 755.723
Synthesis Optimization Complete : Time (s): cpu = 00:00:11 ; elapsed = 00:00:33 . Memory (MB): peak = 1250.562 ; gain = 755.723
INFO: [Project 1-571] Translating synthesized netlist
Netlist sorting complete. Time (s): cpu = 00:00:00 ; elapsed = 00:00:00.001 . Memory (MB): peak = 1262.617 ; gain = 0.000
INFO: [Netlist 29-17] Analyzing 4 Unisim elements for replacement
INFO: [Netlist 29-28] Unisim Transformation completed in 0 CPU seconds
INFO: [Project 1-570] Preparing netlist for logic optimization
INFO: [Opt 31-138] Pushed 0 inverter(s) to 0 load pin(s).
Netlist sorting complete. Time (s): cpu = 00:00:00 ; elapsed = 00:00:00 . Memory (MB): peak = 1366.062 ; gain = 0.000
INFO: [Project 1-111] Unisim Transformation Summary:
No Unisim elements were transformed.

Den angivne sti blev ikke fundet.
Synth Design complete | Checksum: 9116d5f6
INFO: [Common 17-83] Releasing license: Synthesis
22 Infos, 2 Warnings, 0 Critical Warnings and 0 Errors encountered.
synth_design completed successfully
synth_design: Time (s): cpu = 00:00:12 ; elapsed = 00:00:34 . Memory (MB): peak = 1366.062 ; gain = 876.199
INFO: [Timing 38-35] Done setting XDC timing constraints.
Write ShapeDB Complete: Time (s): cpu = 00:00:00 ; elapsed = 00:00:00 . Memory (MB): peak = 1649.332 ; gain = 0.000
INFO: [Common 17-1381] The checkpoint 'C:/Users/Corne/Documents/MEGA/4. Semester/Digital/FPGA_1_MASTER/FPGA_1_MASTER.runs/Master_clock_div_0_0_synth_1/Master_clock_div_0_0.dcp' has been generated.
write_checkpoint: Time (s): cpu = 00:00:05 ; elapsed = 00:00:08 . Memory (MB): peak = 1649.500 ; gain = 283.438
INFO: [Coretcl 2-1648] Added synthesis output to IP cache for IP Master_clock_div_0_0, cache-ID = 3dbeadb45f9f4dc1
Write ShapeDB Complete: Time (s): cpu = 00:00:00 ; elapsed = 00:00:00.001 . Memory (MB): peak = 1649.578 ; gain = 0.000
INFO: [Common 17-1381] The checkpoint 'C:/Users/Corne/Documents/MEGA/4. Semester/Digital/FPGA_1_MASTER/FPGA_1_MASTER.runs/Master_clock_div_0_0_synth_1/Master_clock_div_0_0.dcp' has been generated.
INFO: [runtcl-4] Executing : report_utilization -file Master_clock_div_0_0_utilization_synth.rpt -pb Master_clock_div_0_0_utilization_synth.pb
INFO: [Common 17-206] Exiting Vivado at Wed May 15 16:11:19 2024...
