
*** Running vivado
    with args -log Master_rx_mod_0_0.vds -m64 -product Vivado -mode batch -messageDb vivado.pb -notrace -source Master_rx_mod_0_0.tcl


ECHO is off.
ECHO is off.

****** Vivado v2023.2 (64-bit)
  **** SW Build 4029153 on Fri Oct 13 20:14:34 MDT 2023
  **** IP Build 4028589 on Sat Oct 14 00:45:43 MDT 2023
  **** SharedData Build 4025554 on Tue Oct 10 17:18:54 MDT 2023
    ** Copyright 1986-2022 Xilinx, Inc. All Rights Reserved.
    ** Copyright 2022-2023 Advanced Micro Devices, Inc. All Rights Reserved.

source Master_rx_mod_0_0.tcl -notrace
create_project: Time (s): cpu = 00:00:06 ; elapsed = 00:00:09 . Memory (MB): peak = 477.516 ; gain = 183.293
INFO: [IP_Flow 19-234] Refreshing IP repositories
INFO: [IP_Flow 19-1704] No user IP repositories specified
INFO: [IP_Flow 19-2313] Loaded Vivado IP repository 'C:/Xilinx/Vivado/2023.2/data/ip'.
WARNING: [IP_Flow 19-4995] The host OS only allows 260 characters in a normal path. The IP cache path is more than 80 characters. If you experience issues with IP caching, please consider changing the IP cache to a location with a shorter path. Alternately consider using the OS subst command to map part of the path to a drive letter. 
Current IP cache path is c:/Users/Corne/Documents/MEGA/4. Semester/Digital/FPGA_1_MASTER/FPGA_1_MASTER.cache/ip 
INFO: [IP_Flow 19-6924] IPCACHE: Running cache check for IP inst: Master_rx_mod_0_0
Command: synth_design -top Master_rx_mod_0_0 -part xc7z020clg400-1 -incremental_mode off -mode out_of_context
Starting synth_design
Attempting to get a license for feature 'Synthesis' and/or device 'xc7z020'
INFO: [Common 17-349] Got license for feature 'Synthesis' and/or device 'xc7z020'
INFO: [Designutils 20-5008] Incremental synthesis strategy off
INFO: [Synth 8-7079] Multithreading enabled for synth_design using a maximum of 2 processes.
INFO: [Synth 8-7078] Launching helper process for spawning children vivado processes
INFO: [Synth 8-7075] Helper process launched with PID 32484
---------------------------------------------------------------------------------
Starting Synthesize : Time (s): cpu = 00:00:05 ; elapsed = 00:00:09 . Memory (MB): peak = 934.539 ; gain = 440.207
---------------------------------------------------------------------------------
INFO: [Synth 8-638] synthesizing module 'Master_rx_mod_0_0' [c:/Users/Corne/Documents/MEGA/4. Semester/Digital/FPGA_1_MASTER/FPGA_1_MASTER.gen/sources_1/bd/Master/ip/Master_rx_mod_0_0/synth/Master_rx_mod_0_0.vhd:66]
INFO: [Synth 8-3491] module 'rx_mod' declared at 'C:/Users/Corne/Documents/MEGA/4. Semester/Digital/rx_mod_rtl.vhd:17' bound to instance 'U0' of component 'rx_mod' [c:/Users/Corne/Documents/MEGA/4. Semester/Digital/FPGA_1_MASTER/FPGA_1_MASTER.gen/sources_1/bd/Master/ip/Master_rx_mod_0_0/synth/Master_rx_mod_0_0.vhd:95]
INFO: [Synth 8-638] synthesizing module 'rx_mod' [C:/Users/Corne/Documents/MEGA/4. Semester/Digital/rx_mod_rtl.vhd:28]
INFO: [Synth 8-256] done synthesizing module 'rx_mod' (0#1) [C:/Users/Corne/Documents/MEGA/4. Semester/Digital/rx_mod_rtl.vhd:28]
INFO: [Synth 8-256] done synthesizing module 'Master_rx_mod_0_0' (0#1) [c:/Users/Corne/Documents/MEGA/4. Semester/Digital/FPGA_1_MASTER/FPGA_1_MASTER.gen/sources_1/bd/Master/ip/Master_rx_mod_0_0/synth/Master_rx_mod_0_0.vhd:66]
---------------------------------------------------------------------------------
Finished Synthesize : Time (s): cpu = 00:00:06 ; elapsed = 00:00:12 . Memory (MB): peak = 1040.918 ; gain = 546.586
---------------------------------------------------------------------------------
---------------------------------------------------------------------------------
Finished Constraint Validation : Time (s): cpu = 00:00:07 ; elapsed = 00:00:13 . Memory (MB): peak = 1040.918 ; gain = 546.586
---------------------------------------------------------------------------------
---------------------------------------------------------------------------------
Start Loading Part and Timing Information
---------------------------------------------------------------------------------
Loading part: xc7z020clg400-1
---------------------------------------------------------------------------------
Finished Loading Part and Timing Information : Time (s): cpu = 00:00:07 ; elapsed = 00:00:13 . Memory (MB): peak = 1040.918 ; gain = 546.586
---------------------------------------------------------------------------------
INFO: [Device 21-403] Loading part xc7z020clg400-1
---------------------------------------------------------------------------------
Finished RTL Optimization Phase 2 : Time (s): cpu = 00:00:07 ; elapsed = 00:00:13 . Memory (MB): peak = 1040.918 ; gain = 546.586
---------------------------------------------------------------------------------
No constraint files found.
---------------------------------------------------------------------------------
Start RTL Component Statistics 
---------------------------------------------------------------------------------
Detailed RTL Component Info : 
+---Adders : 
	   2 Input    4 Bit       Adders := 1     
+---Registers : 
	               10 Bit    Registers := 1     
	                4 Bit    Registers := 1     
	                1 Bit    Registers := 4     
+---Muxes : 
	   2 Input   10 Bit        Muxes := 2     
	   2 Input    4 Bit        Muxes := 3     
	   2 Input    1 Bit        Muxes := 4     
---------------------------------------------------------------------------------
Finished RTL Component Statistics 
---------------------------------------------------------------------------------
---------------------------------------------------------------------------------
Start Part Resource Summary
---------------------------------------------------------------------------------
Part Resources:
DSPs: 220 (col length:60)
BRAMs: 280 (col length: RAMB18 60 RAMB36 30)
---------------------------------------------------------------------------------
Finished Part Resource Summary
---------------------------------------------------------------------------------

*** Running vivado
    with args -log Master_rx_mod_0_0.vds -m64 -product Vivado -mode batch -messageDb vivado.pb -notrace -source Master_rx_mod_0_0.tcl


ECHO is off.
ECHO is off.

****** Vivado v2023.2 (64-bit)
  **** SW Build 4029153 on Fri Oct 13 20:14:34 MDT 2023
  **** IP Build 4028589 on Sat Oct 14 00:45:43 MDT 2023
  **** SharedData Build 4025554 on Tue Oct 10 17:18:54 MDT 2023
    ** Copyright 1986-2022 Xilinx, Inc. All Rights Reserved.
    ** Copyright 2022-2023 Advanced Micro Devices, Inc. All Rights Reserved.

source Master_rx_mod_0_0.tcl -notrace
create_project: Time (s): cpu = 00:00:05 ; elapsed = 00:00:08 . Memory (MB): peak = 474.188 ; gain = 180.805
INFO: [IP_Flow 19-234] Refreshing IP repositories
INFO: [IP_Flow 19-1704] No user IP repositories specified
INFO: [IP_Flow 19-2313] Loaded Vivado IP repository 'C:/Xilinx/Vivado/2023.2/data/ip'.
WARNING: [IP_Flow 19-4995] The host OS only allows 260 characters in a normal path. The IP cache path is more than 80 characters. If you experience issues with IP caching, please consider changing the IP cache to a location with a shorter path. Alternately consider using the OS subst command to map part of the path to a drive letter. 
Current IP cache path is c:/Users/Corne/Documents/MEGA/4. Semester/Digital/FPGA_1_MASTER/FPGA_1_MASTER.cache/ip 
INFO: [IP_Flow 19-6924] IPCACHE: Running cache check for IP inst: Master_rx_mod_0_0
Command: synth_design -top Master_rx_mod_0_0 -part xc7z020clg400-1 -incremental_mode off -mode out_of_context
Starting synth_design
Attempting to get a license for feature 'Synthesis' and/or device 'xc7z020'
INFO: [Common 17-349] Got license for feature 'Synthesis' and/or device 'xc7z020'
INFO: [Designutils 20-5008] Incremental synthesis strategy off
INFO: [Synth 8-7079] Multithreading enabled for synth_design using a maximum of 2 processes.
INFO: [Synth 8-7078] Launching helper process for spawning children vivado processes
INFO: [Synth 8-7075] Helper process launched with PID 24588
---------------------------------------------------------------------------------
Starting Synthesize : Time (s): cpu = 00:00:05 ; elapsed = 00:00:09 . Memory (MB): peak = 932.980 ; gain = 438.816
---------------------------------------------------------------------------------
INFO: [Synth 8-638] synthesizing module 'Master_rx_mod_0_0' [c:/Users/Corne/Documents/MEGA/4. Semester/Digital/FPGA_1_MASTER/FPGA_1_MASTER.gen/sources_1/bd/Master/ip/Master_rx_mod_0_0/synth/Master_rx_mod_0_0.vhd:66]
INFO: [Synth 8-3491] module 'rx_mod' declared at 'C:/Users/Corne/Documents/MEGA/4. Semester/Digital/rx_mod_rtl.vhd:17' bound to instance 'U0' of component 'rx_mod' [c:/Users/Corne/Documents/MEGA/4. Semester/Digital/FPGA_1_MASTER/FPGA_1_MASTER.gen/sources_1/bd/Master/ip/Master_rx_mod_0_0/synth/Master_rx_mod_0_0.vhd:95]
INFO: [Synth 8-638] synthesizing module 'rx_mod' [C:/Users/Corne/Documents/MEGA/4. Semester/Digital/rx_mod_rtl.vhd:28]
INFO: [Synth 8-256] done synthesizing module 'rx_mod' (0#1) [C:/Users/Corne/Documents/MEGA/4. Semester/Digital/rx_mod_rtl.vhd:28]
INFO: [Synth 8-256] done synthesizing module 'Master_rx_mod_0_0' (0#1) [c:/Users/Corne/Documents/MEGA/4. Semester/Digital/FPGA_1_MASTER/FPGA_1_MASTER.gen/sources_1/bd/Master/ip/Master_rx_mod_0_0/synth/Master_rx_mod_0_0.vhd:66]
---------------------------------------------------------------------------------
Finished Synthesize : Time (s): cpu = 00:00:06 ; elapsed = 00:00:11 . Memory (MB): peak = 1040.250 ; gain = 546.086
---------------------------------------------------------------------------------
---------------------------------------------------------------------------------
Finished Constraint Validation : Time (s): cpu = 00:00:07 ; elapsed = 00:00:12 . Memory (MB): peak = 1040.250 ; gain = 546.086
---------------------------------------------------------------------------------
---------------------------------------------------------------------------------
Start Loading Part and Timing Information
---------------------------------------------------------------------------------
Loading part: xc7z020clg400-1
---------------------------------------------------------------------------------
Finished Loading Part and Timing Information : Time (s): cpu = 00:00:07 ; elapsed = 00:00:12 . Memory (MB): peak = 1040.250 ; gain = 546.086
---------------------------------------------------------------------------------
INFO: [Device 21-403] Loading part xc7z020clg400-1
---------------------------------------------------------------------------------
Finished RTL Optimization Phase 2 : Time (s): cpu = 00:00:07 ; elapsed = 00:00:12 . Memory (MB): peak = 1040.250 ; gain = 546.086
---------------------------------------------------------------------------------
No constraint files found.
---------------------------------------------------------------------------------
Start RTL Component Statistics 
---------------------------------------------------------------------------------
Detailed RTL Component Info : 
+---Adders : 
	   2 Input    4 Bit       Adders := 1     
+---Registers : 
	               10 Bit    Registers := 1     
	                4 Bit    Registers := 1     
	                1 Bit    Registers := 4     
+---Muxes : 
	   2 Input   10 Bit        Muxes := 2     
	   2 Input    4 Bit        Muxes := 3     
	   2 Input    1 Bit        Muxes := 4     
---------------------------------------------------------------------------------
Finished RTL Component Statistics 
---------------------------------------------------------------------------------
---------------------------------------------------------------------------------
Start Part Resource Summary
---------------------------------------------------------------------------------
Part Resources:
DSPs: 220 (col length:60)
BRAMs: 280 (col length: RAMB18 60 RAMB36 30)
---------------------------------------------------------------------------------
Finished Part Resource Summary
---------------------------------------------------------------------------------
No constraint files found.
---------------------------------------------------------------------------------
Start Cross Boundary and Area Optimization
---------------------------------------------------------------------------------
WARNING: [Synth 8-7080] Parallel synthesis criteria is not met
---------------------------------------------------------------------------------
Finished Cross Boundary and Area Optimization : Time (s): cpu = 00:00:11 ; elapsed = 00:00:23 . Memory (MB): peak = 1255.098 ; gain = 760.934
---------------------------------------------------------------------------------
No constraint files found.
---------------------------------------------------------------------------------
Start Timing Optimization
---------------------------------------------------------------------------------
---------------------------------------------------------------------------------
Finished Timing Optimization : Time (s): cpu = 00:00:11 ; elapsed = 00:00:23 . Memory (MB): peak = 1255.098 ; gain = 760.934
---------------------------------------------------------------------------------
---------------------------------------------------------------------------------
Start Technology Mapping
---------------------------------------------------------------------------------
---------------------------------------------------------------------------------
Finished Technology Mapping : Time (s): cpu = 00:00:11 ; elapsed = 00:00:23 . Memory (MB): peak = 1255.098 ; gain = 760.934
---------------------------------------------------------------------------------
---------------------------------------------------------------------------------
Start IO Insertion
---------------------------------------------------------------------------------
---------------------------------------------------------------------------------
Start Flattening Before IO Insertion
---------------------------------------------------------------------------------
---------------------------------------------------------------------------------
Finished Flattening Before IO Insertion
---------------------------------------------------------------------------------
---------------------------------------------------------------------------------
Start Final Netlist Cleanup
---------------------------------------------------------------------------------
---------------------------------------------------------------------------------
Finished Final Netlist Cleanup
---------------------------------------------------------------------------------
---------------------------------------------------------------------------------
Finished IO Insertion : Time (s): cpu = 00:00:15 ; elapsed = 00:00:30 . Memory (MB): peak = 1255.098 ; gain = 760.934
---------------------------------------------------------------------------------
---------------------------------------------------------------------------------
Start Renaming Generated Instances
---------------------------------------------------------------------------------
---------------------------------------------------------------------------------
Finished Renaming Generated Instances : Time (s): cpu = 00:00:15 ; elapsed = 00:00:30 . Memory (MB): peak = 1255.098 ; gain = 760.934
---------------------------------------------------------------------------------
---------------------------------------------------------------------------------
Start Rebuilding User Hierarchy
---------------------------------------------------------------------------------
---------------------------------------------------------------------------------
Finished Rebuilding User Hierarchy : Time (s): cpu = 00:00:15 ; elapsed = 00:00:30 . Memory (MB): peak = 1255.098 ; gain = 760.934
---------------------------------------------------------------------------------
---------------------------------------------------------------------------------
Start Renaming Generated Ports
---------------------------------------------------------------------------------
---------------------------------------------------------------------------------
Finished Renaming Generated Ports : Time (s): cpu = 00:00:15 ; elapsed = 00:00:30 . Memory (MB): peak = 1255.098 ; gain = 760.934
---------------------------------------------------------------------------------
---------------------------------------------------------------------------------
Start Handling Custom Attributes
---------------------------------------------------------------------------------
---------------------------------------------------------------------------------
Finished Handling Custom Attributes : Time (s): cpu = 00:00:15 ; elapsed = 00:00:30 . Memory (MB): peak = 1255.098 ; gain = 760.934
---------------------------------------------------------------------------------
---------------------------------------------------------------------------------
Start Renaming Generated Nets
---------------------------------------------------------------------------------
---------------------------------------------------------------------------------
Finished Renaming Generated Nets : Time (s): cpu = 00:00:15 ; elapsed = 00:00:30 . Memory (MB): peak = 1255.098 ; gain = 760.934
---------------------------------------------------------------------------------
---------------------------------------------------------------------------------
Start Writing Synthesis Report
---------------------------------------------------------------------------------

Report BlackBoxes: 
+-+--------------+----------+
| |BlackBox name |Instances |
+-+--------------+----------+
+-+--------------+----------+

Report Cell Usage: 
+------+-----+------+
|      |Cell |Count |
+------+-----+------+
|1     |LUT2 |     1|
|2     |LUT3 |    12|
|3     |LUT4 |     2|
|4     |LUT5 |     4|
|5     |FDCE |     6|
|6     |FDPE |    12|
+------+-----+------+

Report Instance Areas: 
+------+---------+-------+------+
|      |Instance |Module |Cells |
+------+---------+-------+------+
|1     |top      |       |    37|
|2     |  U0     |rx_mod |    37|
+------+---------+-------+------+
---------------------------------------------------------------------------------
Finished Writing Synthesis Report : Time (s): cpu = 00:00:15 ; elapsed = 00:00:30 . Memory (MB): peak = 1255.098 ; gain = 760.934
---------------------------------------------------------------------------------
Synthesis finished with 0 errors, 0 critical warnings and 1 warnings.
Synthesis Optimization Runtime : Time (s): cpu = 00:00:15 ; elapsed = 00:00:30 . Memory (MB): peak = 1255.098 ; gain = 760.934
Synthesis Optimization Complete : Time (s): cpu = 00:00:15 ; elapsed = 00:00:30 . Memory (MB): peak = 1255.098 ; gain = 760.934
INFO: [Project 1-571] Translating synthesized netlist
Netlist sorting complete. Time (s): cpu = 00:00:00 ; elapsed = 00:00:00.001 . Memory (MB): peak = 1262.980 ; gain = 0.000
INFO: [Project 1-570] Preparing netlist for logic optimization
INFO: [Opt 31-138] Pushed 0 inverter(s) to 0 load pin(s).
Netlist sorting complete. Time (s): cpu = 00:00:00 ; elapsed = 00:00:00 . Memory (MB): peak = 1366.312 ; gain = 0.000
INFO: [Project 1-111] Unisim Transformation Summary:
No Unisim elements were transformed.

Processen kan ikke f† adgang til filen, da den bruges af en anden proces.
Synth Design complete | Checksum: 1aa37ac
INFO: [Common 17-83] Releasing license: Synthesis
20 Infos, 2 Warnings, 0 Critical Warnings and 0 Errors encountered.
synth_design completed successfully
synth_design: Time (s): cpu = 00:00:18 ; elapsed = 00:00:33 . Memory (MB): peak = 1366.312 ; gain = 877.113
INFO: [Timing 38-35] Done setting XDC timing constraints.
Write ShapeDB Complete: Time (s): cpu = 00:00:00 ; elapsed = 00:00:00.001 . Memory (MB): peak = 1672.078 ; gain = 0.000
INFO: [Common 17-1381] The checkpoint 'C:/Users/Corne/Documents/MEGA/4. Semester/Digital/FPGA_1_MASTER/FPGA_1_MASTER.runs/Master_rx_mod_0_0_synth_1/Master_rx_mod_0_0.dcp' has been generated.
write_checkpoint: Time (s): cpu = 00:00:06 ; elapsed = 00:00:13 . Memory (MB): peak = 1672.242 ; gain = 305.930
INFO: [Coretcl 2-1648] Added synthesis output to IP cache for IP Master_rx_mod_0_0, cache-ID = 85be8d675029dc8b
Write ShapeDB Complete: Time (s): cpu = 00:00:00 ; elapsed = 00:00:00.002 . Memory (MB): peak = 1672.277 ; gain = 0.000
INFO: [Common 17-1381] The checkpoint 'C:/Users/Corne/Documents/MEGA/4. Semester/Digital/FPGA_1_MASTER/FPGA_1_MASTER.runs/Master_rx_mod_0_0_synth_1/Master_rx_mod_0_0.dcp' has been generated.
INFO: [runtcl-4] Executing : report_utilization -file Master_rx_mod_0_0_utilization_synth.rpt -pb Master_rx_mod_0_0_utilization_synth.pb
INFO: [Common 17-206] Exiting Vivado at Tue May 14 12:31:52 2024...
