
*** Running vivado
    with args -log Master_prescaler_0_0.vds -m64 -product Vivado -mode batch -messageDb vivado.pb -notrace -source Master_prescaler_0_0.tcl


ECHO is off.
ECHO is off.

****** Vivado v2023.2 (64-bit)
  **** SW Build 4029153 on Fri Oct 13 20:14:34 MDT 2023
  **** IP Build 4028589 on Sat Oct 14 00:45:43 MDT 2023
  **** SharedData Build 4025554 on Tue Oct 10 17:18:54 MDT 2023
    ** Copyright 1986-2022 Xilinx, Inc. All Rights Reserved.
    ** Copyright 2022-2023 Advanced Micro Devices, Inc. All Rights Reserved.

source Master_prescaler_0_0.tcl -notrace
create_project: Time (s): cpu = 00:00:04 ; elapsed = 00:00:09 . Memory (MB): peak = 473.617 ; gain = 181.887
INFO: [IP_Flow 19-234] Refreshing IP repositories
INFO: [IP_Flow 19-1704] No user IP repositories specified
INFO: [IP_Flow 19-2313] Loaded Vivado IP repository 'C:/Xilinx/Vivado/2023.2/data/ip'.
WARNING: [IP_Flow 19-4995] The host OS only allows 260 characters in a normal path. The IP cache path is more than 80 characters. If you experience issues with IP caching, please consider changing the IP cache to a location with a shorter path. Alternately consider using the OS subst command to map part of the path to a drive letter. 
Current IP cache path is c:/Users/Corne/Documents/MEGA/4. Semester/Digital/FPGA_1_MASTER/FPGA_1_MASTER.cache/ip 
INFO: [IP_Flow 19-6924] IPCACHE: Running cache check for IP inst: Master_prescaler_0_0
Command: synth_design -top Master_prescaler_0_0 -part xc7z020clg400-1 -incremental_mode off -mode out_of_context
Starting synth_design
Attempting to get a license for feature 'Synthesis' and/or device 'xc7z020'
INFO: [Common 17-349] Got license for feature 'Synthesis' and/or device 'xc7z020'
INFO: [Designutils 20-5008] Incremental synthesis strategy off
INFO: [Synth 8-7079] Multithreading enabled for synth_design using a maximum of 2 processes.
INFO: [Synth 8-7078] Launching helper process for spawning children vivado processes
INFO: [Synth 8-7075] Helper process launched with PID 19752
---------------------------------------------------------------------------------
Starting Synthesize : Time (s): cpu = 00:00:05 ; elapsed = 00:00:09 . Memory (MB): peak = 934.223 ; gain = 442.082
---------------------------------------------------------------------------------
INFO: [Synth 8-638] synthesizing module 'Master_prescaler_0_0' [c:/Users/Corne/Documents/MEGA/4. Semester/Digital/FPGA_1_MASTER/FPGA_1_MASTER.gen/sources_1/bd/Master/ip/Master_prescaler_0_0/synth/Master_prescaler_0_0.vhd:65]
	Parameter data_length bound to: 8 - type: integer 
INFO: [Synth 8-3491] module 'prescaler' declared at 'C:/Users/Corne/Documents/MEGA/4. Semester/Semesterprojekt/Semesterprojekt_4/FPGA_projekt/FPGA_projekt.srcs/sources_1/new/enable_counter.vhd:34' bound to instance 'U0' of component 'prescaler' [c:/Users/Corne/Documents/MEGA/4. Semester/Digital/FPGA_1_MASTER/FPGA_1_MASTER.gen/sources_1/bd/Master/ip/Master_prescaler_0_0/synth/Master_prescaler_0_0.vhd:92]
INFO: [Synth 8-638] synthesizing module 'prescaler' [C:/Users/Corne/Documents/MEGA/4. Semester/Semesterprojekt/Semesterprojekt_4/FPGA_projekt/FPGA_projekt.srcs/sources_1/new/enable_counter.vhd:42]
INFO: [Synth 8-256] done synthesizing module 'prescaler' (0#1) [C:/Users/Corne/Documents/MEGA/4. Semester/Semesterprojekt/Semesterprojekt_4/FPGA_projekt/FPGA_projekt.srcs/sources_1/new/enable_counter.vhd:42]
INFO: [Synth 8-256] done synthesizing module 'Master_prescaler_0_0' (0#1) [c:/Users/Corne/Documents/MEGA/4. Semester/Digital/FPGA_1_MASTER/FPGA_1_MASTER.gen/sources_1/bd/Master/ip/Master_prescaler_0_0/synth/Master_prescaler_0_0.vhd:65]
---------------------------------------------------------------------------------
Finished Synthesize : Time (s): cpu = 00:00:06 ; elapsed = 00:00:12 . Memory (MB): peak = 1040.355 ; gain = 548.215
---------------------------------------------------------------------------------
---------------------------------------------------------------------------------
Finished Constraint Validation : Time (s): cpu = 00:00:07 ; elapsed = 00:00:13 . Memory (MB): peak = 1040.355 ; gain = 548.215
---------------------------------------------------------------------------------
---------------------------------------------------------------------------------
Start Loading Part and Timing Information
---------------------------------------------------------------------------------
Loading part: xc7z020clg400-1
---------------------------------------------------------------------------------
Finished Loading Part and Timing Information : Time (s): cpu = 00:00:07 ; elapsed = 00:00:13 . Memory (MB): peak = 1040.355 ; gain = 548.215
---------------------------------------------------------------------------------
INFO: [Device 21-403] Loading part xc7z020clg400-1
---------------------------------------------------------------------------------
Finished RTL Optimization Phase 2 : Time (s): cpu = 00:00:07 ; elapsed = 00:00:13 . Memory (MB): peak = 1040.355 ; gain = 548.215
---------------------------------------------------------------------------------
No constraint files found.
---------------------------------------------------------------------------------
Start RTL Component Statistics 
---------------------------------------------------------------------------------
Detailed RTL Component Info : 
+---Adders : 
	   2 Input    6 Bit       Adders := 1     
+---Registers : 
	                6 Bit    Registers := 1     
	                1 Bit    Registers := 1     
+---Muxes : 
	   2 Input    6 Bit        Muxes := 1     
	   2 Input    1 Bit        Muxes := 1     
---------------------------------------------------------------------------------
Finished RTL Component Statistics 
---------------------------------------------------------------------------------
---------------------------------------------------------------------------------
Start Part Resource Summary
---------------------------------------------------------------------------------
Part Resources:
DSPs: 220 (col length:60)
BRAMs: 280 (col length: RAMB18 60 RAMB36 30)
---------------------------------------------------------------------------------
Finished Part Resource Summary
---------------------------------------------------------------------------------
No constraint files found.
---------------------------------------------------------------------------------
Start Cross Boundary and Area Optimization
---------------------------------------------------------------------------------
WARNING: [Synth 8-7080] Parallel synthesis criteria is not met
---------------------------------------------------------------------------------
Finished Cross Boundary and Area Optimization : Time (s): cpu = 00:00:11 ; elapsed = 00:00:22 . Memory (MB): peak = 1245.176 ; gain = 753.035
---------------------------------------------------------------------------------
No constraint files found.
---------------------------------------------------------------------------------
Start Timing Optimization
---------------------------------------------------------------------------------
---------------------------------------------------------------------------------
Finished Timing Optimization : Time (s): cpu = 00:00:11 ; elapsed = 00:00:22 . Memory (MB): peak = 1245.176 ; gain = 753.035
---------------------------------------------------------------------------------
---------------------------------------------------------------------------------
Start Technology Mapping
---------------------------------------------------------------------------------
---------------------------------------------------------------------------------
Finished Technology Mapping : Time (s): cpu = 00:00:11 ; elapsed = 00:00:22 . Memory (MB): peak = 1245.176 ; gain = 753.035
---------------------------------------------------------------------------------
---------------------------------------------------------------------------------
Start IO Insertion
---------------------------------------------------------------------------------
---------------------------------------------------------------------------------
Start Flattening Before IO Insertion
---------------------------------------------------------------------------------
---------------------------------------------------------------------------------
Finished Flattening Before IO Insertion
---------------------------------------------------------------------------------
---------------------------------------------------------------------------------
Start Final Netlist Cleanup
---------------------------------------------------------------------------------
---------------------------------------------------------------------------------
Finished Final Netlist Cleanup
---------------------------------------------------------------------------------

*** Running vivado
    with args -log Master_prescaler_0_0.vds -m64 -product Vivado -mode batch -messageDb vivado.pb -notrace -source Master_prescaler_0_0.tcl


ECHO is off.
ECHO is off.

****** Vivado v2023.2 (64-bit)
  **** SW Build 4029153 on Fri Oct 13 20:14:34 MDT 2023
  **** IP Build 4028589 on Sat Oct 14 00:45:43 MDT 2023
  **** SharedData Build 4025554 on Tue Oct 10 17:18:54 MDT 2023
    ** Copyright 1986-2022 Xilinx, Inc. All Rights Reserved.
    ** Copyright 2022-2023 Advanced Micro Devices, Inc. All Rights Reserved.

source Master_prescaler_0_0.tcl -notrace
create_project: Time (s): cpu = 00:00:05 ; elapsed = 00:00:09 . Memory (MB): peak = 474.375 ; gain = 182.562
INFO: [IP_Flow 19-234] Refreshing IP repositories
INFO: [IP_Flow 19-1704] No user IP repositories specified
INFO: [IP_Flow 19-2313] Loaded Vivado IP repository 'C:/Xilinx/Vivado/2023.2/data/ip'.
WARNING: [IP_Flow 19-4995] The host OS only allows 260 characters in a normal path. The IP cache path is more than 80 characters. If you experience issues with IP caching, please consider changing the IP cache to a location with a shorter path. Alternately consider using the OS subst command to map part of the path to a drive letter. 
Current IP cache path is c:/Users/Corne/Documents/MEGA/4. Semester/Digital/FPGA_1_MASTER/FPGA_1_MASTER.cache/ip 
INFO: [IP_Flow 19-6924] IPCACHE: Running cache check for IP inst: Master_prescaler_0_0
Command: synth_design -top Master_prescaler_0_0 -part xc7z020clg400-1 -incremental_mode off -mode out_of_context
Starting synth_design
Attempting to get a license for feature 'Synthesis' and/or device 'xc7z020'
INFO: [Common 17-349] Got license for feature 'Synthesis' and/or device 'xc7z020'
INFO: [Designutils 20-5008] Incremental synthesis strategy off
INFO: [Synth 8-7079] Multithreading enabled for synth_design using a maximum of 2 processes.
INFO: [Synth 8-7078] Launching helper process for spawning children vivado processes
INFO: [Synth 8-7075] Helper process launched with PID 11412
---------------------------------------------------------------------------------
Starting Synthesize : Time (s): cpu = 00:00:06 ; elapsed = 00:00:09 . Memory (MB): peak = 933.898 ; gain = 441.508
---------------------------------------------------------------------------------
INFO: [Synth 8-638] synthesizing module 'Master_prescaler_0_0' [c:/Users/Corne/Documents/MEGA/4. Semester/Digital/FPGA_1_MASTER/FPGA_1_MASTER.gen/sources_1/bd/Master/ip/Master_prescaler_0_0/synth/Master_prescaler_0_0.vhd:65]
	Parameter data_length bound to: 8 - type: integer 
INFO: [Synth 8-3491] module 'prescaler' declared at 'C:/Users/Corne/Documents/MEGA/4. Semester/Semesterprojekt/Semesterprojekt_4/FPGA_projekt/FPGA_projekt.srcs/sources_1/new/enable_counter.vhd:34' bound to instance 'U0' of component 'prescaler' [c:/Users/Corne/Documents/MEGA/4. Semester/Digital/FPGA_1_MASTER/FPGA_1_MASTER.gen/sources_1/bd/Master/ip/Master_prescaler_0_0/synth/Master_prescaler_0_0.vhd:92]
INFO: [Synth 8-638] synthesizing module 'prescaler' [C:/Users/Corne/Documents/MEGA/4. Semester/Semesterprojekt/Semesterprojekt_4/FPGA_projekt/FPGA_projekt.srcs/sources_1/new/enable_counter.vhd:42]
INFO: [Synth 8-256] done synthesizing module 'prescaler' (0#1) [C:/Users/Corne/Documents/MEGA/4. Semester/Semesterprojekt/Semesterprojekt_4/FPGA_projekt/FPGA_projekt.srcs/sources_1/new/enable_counter.vhd:42]
INFO: [Synth 8-256] done synthesizing module 'Master_prescaler_0_0' (0#1) [c:/Users/Corne/Documents/MEGA/4. Semester/Digital/FPGA_1_MASTER/FPGA_1_MASTER.gen/sources_1/bd/Master/ip/Master_prescaler_0_0/synth/Master_prescaler_0_0.vhd:65]
---------------------------------------------------------------------------------
Finished Synthesize : Time (s): cpu = 00:00:07 ; elapsed = 00:00:11 . Memory (MB): peak = 1040.199 ; gain = 547.809
---------------------------------------------------------------------------------
---------------------------------------------------------------------------------
Finished Constraint Validation : Time (s): cpu = 00:00:07 ; elapsed = 00:00:12 . Memory (MB): peak = 1040.199 ; gain = 547.809
---------------------------------------------------------------------------------
---------------------------------------------------------------------------------
Start Loading Part and Timing Information
---------------------------------------------------------------------------------
Loading part: xc7z020clg400-1
---------------------------------------------------------------------------------
Finished Loading Part and Timing Information : Time (s): cpu = 00:00:07 ; elapsed = 00:00:12 . Memory (MB): peak = 1040.199 ; gain = 547.809
---------------------------------------------------------------------------------
INFO: [Device 21-403] Loading part xc7z020clg400-1
---------------------------------------------------------------------------------
Finished RTL Optimization Phase 2 : Time (s): cpu = 00:00:08 ; elapsed = 00:00:13 . Memory (MB): peak = 1040.199 ; gain = 547.809
---------------------------------------------------------------------------------
No constraint files found.
---------------------------------------------------------------------------------
Start RTL Component Statistics 
---------------------------------------------------------------------------------
Detailed RTL Component Info : 
+---Adders : 
	   2 Input    6 Bit       Adders := 1     
+---Registers : 
	                6 Bit    Registers := 1     
	                1 Bit    Registers := 1     
+---Muxes : 
	   2 Input    6 Bit        Muxes := 1     
	   2 Input    1 Bit        Muxes := 1     
---------------------------------------------------------------------------------
Finished RTL Component Statistics 
---------------------------------------------------------------------------------
---------------------------------------------------------------------------------
Start Part Resource Summary
---------------------------------------------------------------------------------
Part Resources:
DSPs: 220 (col length:60)
BRAMs: 280 (col length: RAMB18 60 RAMB36 30)
---------------------------------------------------------------------------------
Finished Part Resource Summary
---------------------------------------------------------------------------------
No constraint files found.
---------------------------------------------------------------------------------
Start Cross Boundary and Area Optimization
---------------------------------------------------------------------------------
WARNING: [Synth 8-7080] Parallel synthesis criteria is not met
---------------------------------------------------------------------------------
Finished Cross Boundary and Area Optimization : Time (s): cpu = 00:00:12 ; elapsed = 00:00:22 . Memory (MB): peak = 1245.785 ; gain = 753.395
---------------------------------------------------------------------------------
No constraint files found.
---------------------------------------------------------------------------------
Start Timing Optimization
---------------------------------------------------------------------------------
---------------------------------------------------------------------------------
Finished Timing Optimization : Time (s): cpu = 00:00:12 ; elapsed = 00:00:22 . Memory (MB): peak = 1245.785 ; gain = 753.395
---------------------------------------------------------------------------------
---------------------------------------------------------------------------------
Start Technology Mapping
---------------------------------------------------------------------------------
---------------------------------------------------------------------------------
Finished Technology Mapping : Time (s): cpu = 00:00:12 ; elapsed = 00:00:22 . Memory (MB): peak = 1245.785 ; gain = 753.395
---------------------------------------------------------------------------------
---------------------------------------------------------------------------------
Start IO Insertion
---------------------------------------------------------------------------------
---------------------------------------------------------------------------------
Start Flattening Before IO Insertion
---------------------------------------------------------------------------------
---------------------------------------------------------------------------------
Finished Flattening Before IO Insertion
---------------------------------------------------------------------------------
---------------------------------------------------------------------------------
Start Final Netlist Cleanup
---------------------------------------------------------------------------------
---------------------------------------------------------------------------------
Finished Final Netlist Cleanup
---------------------------------------------------------------------------------
---------------------------------------------------------------------------------
Finished IO Insertion : Time (s): cpu = 00:00:16 ; elapsed = 00:00:29 . Memory (MB): peak = 1245.785 ; gain = 753.395
---------------------------------------------------------------------------------
---------------------------------------------------------------------------------
Start Renaming Generated Instances
---------------------------------------------------------------------------------
---------------------------------------------------------------------------------
Finished Renaming Generated Instances : Time (s): cpu = 00:00:16 ; elapsed = 00:00:29 . Memory (MB): peak = 1245.785 ; gain = 753.395
---------------------------------------------------------------------------------
---------------------------------------------------------------------------------
Start Rebuilding User Hierarchy
---------------------------------------------------------------------------------
---------------------------------------------------------------------------------
Finished Rebuilding User Hierarchy : Time (s): cpu = 00:00:16 ; elapsed = 00:00:29 . Memory (MB): peak = 1245.785 ; gain = 753.395
---------------------------------------------------------------------------------
---------------------------------------------------------------------------------
Start Renaming Generated Ports
---------------------------------------------------------------------------------
---------------------------------------------------------------------------------
Finished Renaming Generated Ports : Time (s): cpu = 00:00:16 ; elapsed = 00:00:29 . Memory (MB): peak = 1245.785 ; gain = 753.395
---------------------------------------------------------------------------------
---------------------------------------------------------------------------------
Start Handling Custom Attributes
---------------------------------------------------------------------------------
---------------------------------------------------------------------------------
Finished Handling Custom Attributes : Time (s): cpu = 00:00:16 ; elapsed = 00:00:29 . Memory (MB): peak = 1245.785 ; gain = 753.395
---------------------------------------------------------------------------------
---------------------------------------------------------------------------------
Start Renaming Generated Nets
---------------------------------------------------------------------------------
---------------------------------------------------------------------------------
Finished Renaming Generated Nets : Time (s): cpu = 00:00:16 ; elapsed = 00:00:29 . Memory (MB): peak = 1245.785 ; gain = 753.395
---------------------------------------------------------------------------------
---------------------------------------------------------------------------------
Start Writing Synthesis Report
---------------------------------------------------------------------------------

Report BlackBoxes: 
+-+--------------+----------+
| |BlackBox name |Instances |
+-+--------------+----------+
+-+--------------+----------+

Report Cell Usage: 
+------+-----+------+
|      |Cell |Count |
+------+-----+------+
|1     |LUT1 |     1|
|2     |LUT2 |     1|
|3     |LUT3 |     1|
|4     |LUT5 |     1|
|5     |LUT6 |     3|
|6     |FDCE |     7|
+------+-----+------+

Report Instance Areas: 
+------+---------+----------+------+
|      |Instance |Module    |Cells |
+------+---------+----------+------+
|1     |top      |          |    14|
|2     |  U0     |prescaler |    14|
+------+---------+----------+------+
---------------------------------------------------------------------------------
Finished Writing Synthesis Report : Time (s): cpu = 00:00:16 ; elapsed = 00:00:29 . Memory (MB): peak = 1245.785 ; gain = 753.395
---------------------------------------------------------------------------------
Synthesis finished with 0 errors, 0 critical warnings and 1 warnings.
Synthesis Optimization Runtime : Time (s): cpu = 00:00:16 ; elapsed = 00:00:29 . Memory (MB): peak = 1245.785 ; gain = 753.395
Synthesis Optimization Complete : Time (s): cpu = 00:00:16 ; elapsed = 00:00:29 . Memory (MB): peak = 1245.785 ; gain = 753.395
INFO: [Project 1-571] Translating synthesized netlist
Netlist sorting complete. Time (s): cpu = 00:00:00 ; elapsed = 00:00:00 . Memory (MB): peak = 1257.758 ; gain = 0.000
INFO: [Project 1-570] Preparing netlist for logic optimization
INFO: [Opt 31-138] Pushed 0 inverter(s) to 0 load pin(s).
Netlist sorting complete. Time (s): cpu = 00:00:00 ; elapsed = 00:00:00 . Memory (MB): peak = 1361.969 ; gain = 0.000
INFO: [Project 1-111] Unisim Transformation Summary:
No Unisim elements were transformed.

Processen kan ikke f† adgang til filen, da den bruges af en anden proces.
Synth Design complete | Checksum: 42b44d23
INFO: [Common 17-83] Releasing license: Synthesis
20 Infos, 2 Warnings, 0 Critical Warnings and 0 Errors encountered.
synth_design completed successfully
synth_design: Time (s): cpu = 00:00:17 ; elapsed = 00:00:33 . Memory (MB): peak = 1361.969 ; gain = 873.578
INFO: [Timing 38-35] Done setting XDC timing constraints.
Write ShapeDB Complete: Time (s): cpu = 00:00:00 ; elapsed = 00:00:00.001 . Memory (MB): peak = 1654.375 ; gain = 0.000
INFO: [Common 17-1381] The checkpoint 'C:/Users/Corne/Documents/MEGA/4. Semester/Digital/FPGA_1_MASTER/FPGA_1_MASTER.runs/Master_prescaler_0_0_synth_1/Master_prescaler_0_0.dcp' has been generated.
write_checkpoint: Time (s): cpu = 00:00:07 ; elapsed = 00:00:14 . Memory (MB): peak = 1654.555 ; gain = 292.586
INFO: [Coretcl 2-1648] Added synthesis output to IP cache for IP Master_prescaler_0_0, cache-ID = 139241c22024d1bc
Write ShapeDB Complete: Time (s): cpu = 00:00:00 ; elapsed = 00:00:00.001 . Memory (MB): peak = 1654.602 ; gain = 0.000
INFO: [Common 17-1381] The checkpoint 'C:/Users/Corne/Documents/MEGA/4. Semester/Digital/FPGA_1_MASTER/FPGA_1_MASTER.runs/Master_prescaler_0_0_synth_1/Master_prescaler_0_0.dcp' has been generated.
INFO: [runtcl-4] Executing : report_utilization -file Master_prescaler_0_0_utilization_synth.rpt -pb Master_prescaler_0_0_utilization_synth.pb
INFO: [Common 17-206] Exiting Vivado at Tue May 14 12:31:52 2024...
